!Required final counter 1 value =       2 ; Required final counter 2 value =       3
!       #iomp    #batch  #history       #no     #name        #reg  EdepA(MeV)      xA(cm)      yA(cm)      zA(cm)      tA(ns)        #reg  EdepB(MeV)      xB(cm)      yB(cm)      zB(cm)      tB(ns)        #reg  EdepC(MeV)      xC(cm)      yC(cm)      zC(cm)      tC(ns)
!ncol   Z   N jcl kcl nclsts 
!In/Out kf-code     E(MeV)      weight 

ne          0         1     37471         6         4 ;       200  3.5420E+00 -3.6192E+00  1.6499E+01  3.4674E-01  4.6892E+00 ,       210  6.3588E-01 -3.3907E+00  1.6800E+01  5.8677E-01  4.7539E+00 ,

ne          0         1     40165         7         3 ;       200  5.3470E-01  5.6593E+00  1.6461E+01 -1.5927E-01  1.0114E+01 ,       220  2.6337E-01  6.4522E+00  1.8655E+01 -1.7594E-01  1.1908E+01 ,

ge          0         1    117867         6         1 ;       210  1.8265E+00  2.8782E+00  1.7138E+01 -1.2679E-01  3.8209E+00 ,       220  3.2731E+00  3.5546E+00  1.8200E+01 -4.7890E-02  3.8654E+00 ,       230  7.6675E-01  4.2956E+00  1.9600E+01 -2.6472E-01  3.9260E+00 ,

ne          0         1    300044        15         7 ;       200  6.8199E-01 -5.3861E+00  1.5672E+01  9.3704E-02  8.2603E+00 ,       220  2.5493E+00 -6.7953E+00  1.8230E+01  4.3308E-01  7.3122E+00 ,

ne          0         1    307049        14         9 ;       200  2.8186E-01 -3.3788E+00  1.5543E+01  4.1185E-01  1.1514E+01 ,       210  9.9936E-01 -3.9235E+00  1.7291E+01  4.8374E-02  1.2859E+01 ,

ne          0         1    651859        10         3 ;       210  2.2135E+00  3.6040E+00  1.7983E+01 -3.0862E-01  6.3461E+00 ,       220  7.3769E+00  3.6914E+00  1.8200E+01  5.2924E-02  6.4608E+00 ,

ne          0         1    758610        11         5 ;       210  5.9019E-01  4.4828E+00  1.7971E+01 -4.6084E-03  1.5308E+01 ,       220  1.0855E-01  4.1716E+00  1.8585E+01  2.0441E-01  1.6428E+01 ,

ne          0         2     10196        11         5 ;       210  5.8593E-01  3.0806E+00  1.7920E+01  3.4301E-01  9.9591E+00 ,       220  7.2354E-01  2.4225E+00  1.8876E+01 -1.8154E-01  9.3909E+00 ,

ne          0         2     84963         6         3 ;       200  1.2508E-01 -6.1298E+00  1.6462E+01 -2.5057E-01  9.6145E+00 ,       210  2.8070E+00 -6.0059E+00  1.7296E+01  8.1883E-02  9.9373E+00 ,

ne          0         2     95096        13         5 ;       200  5.0250E-01 -5.9241E+00  1.6392E+01  7.3725E-02  9.6533E+00 ,       210  3.2956E-01 -6.1454E+00  1.6811E+01  7.7789E-02  1.0041E+01 ,

ge          0         2    136077        10         1 ;       210  1.7978E+00 -5.0964E+00  1.7144E+01  2.0381E-01  7.4993E+00 ,       220  2.1926E+00 -4.9017E+00  1.8200E+01 -2.3575E-03  7.5364E+00 ,       230  1.2331E+00 -5.3904E+00  1.9600E+01 -4.5040E-01  7.5936E+00 ,

ne          0         2    214032        17         6 ;       210  4.2872E-01 -6.6522E+00  1.7335E+01 -2.6422E-02  1.3243E+01 ,       220  1.4630E-01 -6.0105E+00  1.9055E+01 -3.5973E-01  1.4849E+01 ,       230  3.2578E-01 -5.4314E+00  2.0384E+01  7.1588E-02  1.6309E+01 ,

ne          0         2    362393        10         6 ;       220  1.9701E-01  8.9674E-01  1.8357E+01  7.6721E-02  1.5174E+01 ,       230  3.7120E-01 -1.2958E+00  2.0082E+01  2.5298E-01  1.7385E+01 ,       240  1.0967E-01 -1.6125E+00  2.1790E+01  1.7946E-01  1.9227E+01 ,

ne          0         2    481030         9         7 ;       210  4.3117E-01  5.8143E+00  1.7820E+01 -3.0866E-01  1.2489E+01 ,       230  1.0741E-01  4.9997E+00  1.9773E+01  5.0100E-01  1.4350E+01 ,

ne          0         2    493471         8         4 ;       210  3.6676E+00  2.3975E+00  1.7369E+01  1.6085E-01  8.1546E+00 ,       220  2.6561E+00  3.0526E+00  1.8273E+01 -3.8533E-01  8.6839E+00 ,

ne          0         2    532939         7         3 ;       200  2.5708E+01 -4.1998E+00  1.5400E+01 -5.9495E-01  4.5118E+00 ,       210  1.7239E+01 -4.7060E+00  1.6800E+01 -3.6557E-01  4.7238E+00 ,

ne          0         2    591058         7         3 ;       230  2.8000E+00 -3.6686E+00  2.0703E+01  5.2866E-01  5.8046E+00 ,       240  6.6787E+00 -3.7086E+00  2.1000E+01  5.7012E-01  5.8526E+00 ,

ge          0         2    623554        17         3 ;       200  2.8735E+00 -2.8235E+00  1.5400E+01 -1.5276E-01  3.3249E+00 ,       210  3.2351E+00 -3.1668E+00  1.6800E+01  1.5240E-01  3.3774E+00 ,       220  1.1273E+00 -1.8122E+00  1.8331E+01 -5.2135E-01  3.4217E+00 ,

ge          0         2    669433         4         1 ;       220  1.4420E+00  1.2386E+00  1.8660E+01  3.6739E-01  4.1877E+00 ,       230  3.2776E+00  1.6047E+00  1.9600E+01  2.3449E-01  4.2223E+00 ,       240  1.5161E+00  2.0700E+00  2.1000E+01 -6.0785E-02  4.2761E+00 ,

ge          0         2    791683        25         2 ;       200  9.0505E-01 -3.1335E+00  1.6159E+01  4.5283E-01  3.6773E+00 ,       210  2.4004E+00 -3.2503E+00  1.6800E+01  5.1171E-01  3.6996E+00 ,       220  1.5580E+00 -2.9419E+00  1.8200E+01 -2.2232E-01  3.7568E+00 ,

ne          0         3     98757         7         4 ;       210  2.3125E+00 -1.6959E+00  1.6912E+01 -4.0993E-01  7.9010E+00 ,       230  3.7733E+00 -3.1559E+00  1.9874E+01 -1.2306E-01  9.0662E+00 ,

ne          0         3    117276        11         5 ;       230  5.6529E-01 -6.4687E+00  2.0021E+01  2.3811E-01  1.2804E+01 ,       240  5.4394E-01 -6.5041E+00  2.1222E+01 -1.0647E-01  1.3585E+01 ,

ge          0         3    152259        16        23 ;       200  6.5470E-01 -1.6589E+00  1.6225E+01 -6.0000E-01  4.3500E+00 ,       210  2.6240E+00 -1.9173E+00  1.6800E+01 -5.0936E-01  4.3715E+00 ,       220  1.0841E+00 -2.2564E+00  1.8200E+01  1.2034E-01  4.4275E+00 ,

ne          0         3    388771         8         5 ;       210  5.4659E-01  3.2588E+00  1.7781E+01 -2.9648E-01  9.6132E+00 ,       230  1.1735E+00  5.4283E+00  1.9754E+01  2.4893E-01  1.0899E+01 ,

ne          0         3    451857         8         4 ;       230  6.8080E+00  1.6634E+00  2.0585E+01  1.9211E-01  4.8020E+00 ,       240  3.1397E+01  1.5817E+00  2.1000E+01  2.2074E-01  4.8571E+00 ,

ne          0         3    535547         9         6 ;       200  2.6113E-01 -3.8097E+00  1.5641E+01 -8.2707E-03  5.4505E+00 ,       210  5.4967E-01 -3.5971E+00  1.7037E+01 -7.9826E-02  5.6539E+00 ,

ne          0         3    671533         8         4 ;       200  5.2714E+00 -3.2068E+00  1.5877E+01 -1.6961E-01  9.5320E+00 ,       210  4.8206E-01 -3.1736E+00  1.7077E+01 -3.2669E-01  1.0043E+01 ,

ne          0         3    712448        12         8 ;       200  5.7762E-01  5.4384E+00  1.5559E+01 -2.3054E-01  1.5938E+01 ,       210  1.8920E-01  3.5012E+00  1.7580E+01 -5.2913E-01  2.0518E+01 ,

ne          0         3    812974         5         4 ;       200  2.7672E-01  4.1978E+00  1.6519E+01 -5.6355E-02  5.1900E+00 ,       210  2.3467E+00  4.5702E+00  1.7032E+01  2.4739E-01  5.2804E+00 ,

ge          0         3    865335        21         2 ;       200  1.3943E-01  4.0821E+00  1.6501E+01  3.1419E-01  4.0378E+04 ,       210  8.8564E-01  4.8846E+00  1.7619E+01 -4.8537E-01  4.0378E+04 ,       220  1.0029E+00  4.8226E+00  1.8200E+01 -1.9137E-01  4.0378E+04 ,

ne          0         3    967013        10         4 ;       230  3.7313E+01  3.4282E+00  1.9910E+01 -2.7123E-01  5.3459E+00 ,       240  3.8306E-01 -2.7430E-01  2.1214E+01  1.5919E-02  9.3468E+00 ,

ne          0         4    100513        10         5 ;       220  1.8902E-01  7.5596E-01  1.9358E+01  3.7348E-01  1.4763E+01 ,       230  9.8034E-01  4.9190E-01  1.9926E+01  3.1224E-01  1.4492E+01 ,

ge          0         4    140705        14        75 ;       200  9.8025E-01 -2.8907E+00  1.5400E+01  1.6268E-01  3.9865E+00 ,       210  1.3847E-01 -3.6652E+00  1.7808E+01 -1.9417E-01  4.0681E+00 ,       240  4.0172E-01  1.0158E-01  2.1055E+01 -2.4858E-01  4.2007E+00 ,

ne          0         4    152670         5         3 ;       210  6.0434E+00 -1.9582E+00  1.6935E+01  3.9761E-02  6.4455E+00 ,       230  8.2514E+00 -1.2383E+00  2.0652E+01 -5.1218E-01  7.4109E+00 ,

ge          0         4    434707        18         2 ;       210  8.0735E-02 -2.0554E+00  1.7961E+01 -3.6830E-02  4.8203E+00 ,       220  2.7909E+00 -2.1641E+00  1.8200E+01  8.2486E-02  4.8300E+00 ,       230  2.0522E+00 -3.4296E+00  1.9600E+01  1.1595E-01  4.8976E+00 ,

ne          0         4    591460        13         8 ;       200  1.3283E-01 -8.8469E-02  1.6148E+01 -1.0052E-01  1.6299E+01 ,       210  2.2665E-01  6.3613E-01  1.7144E+01  4.3535E-01  1.7724E+01 ,

ne          0         4    628256         7         5 ;       200  9.6708E+00 -5.5557E+00  1.6089E+01 -4.3190E-01  5.6843E+00 ,       210  5.7696E+00 -4.9595E+00  1.7270E+01  4.6776E-01  6.1562E+00 ,

ne          0         4    682023         9         4 ;       220  7.4952E+00 -2.0880E+00  1.9246E+01  4.2164E-02  5.7910E+00 ,       230  9.5230E+00 -1.8641E+00  1.9600E+01  1.8073E-01  5.8882E+00 ,

ne          0         4    689941        25         4 ;       220  1.3080E+00 -3.5570E-01  1.9150E+01 -5.5144E-01  7.4182E+00 ,       230  3.4028E+00 -1.9462E-01  2.0746E+01 -2.9762E-01  7.8103E+00 ,

ne          0         4    749712        12         7 ;       210  1.5167E-01  2.2656E+00  1.7251E+01  4.7294E-01  1.2491E+01 ,       220  8.2670E-01  1.8941E+00  1.8752E+01  4.4888E-01  1.3419E+01 ,

ne          0         4    811397         3         4 ;       200  1.0354E-01 -1.8677E+00  1.6155E+01 -2.1456E-01  6.8556E+00 ,       220  3.7115E+00 -1.9073E+00  1.8244E+01 -5.5632E-02  7.5878E+00 ,

ne          0         4    881865        18         4 ;       200  1.6390E-01 -3.4521E-01  1.5892E+01 -9.1747E-02  6.2287E+00 ,       220  3.1870E-01  7.0718E-01  1.8896E+01  3.5432E-01  7.2494E+00 ,

ne          0         5     46871        23         3 ;       230  1.0454E+00  1.9727E+00  2.0629E+01  3.4196E-01  8.5730E+00 ,       240  1.8118E+00  2.3391E+00  2.1739E+01  4.7398E-01  8.8980E+00 ,

ne          0         5    111453        11         4 ;       210  2.9917E-01  3.0024E+00  1.6905E+01 -5.5398E-01  5.5249E+00 ,       230  3.3819E-01  3.5561E+00  2.0470E+01  2.4242E-01  6.0600E+00 ,

ne          0         5    148412         8         6 ;       210  2.8453E+00 -4.5438E+00  1.7322E+01 -1.6829E-01  8.2424E+00 ,       220  1.9346E+00 -4.0550E+00  1.8377E+01 -2.4353E-01  8.8333E+00 ,

ne          0         5    195052         3         8 ;       200  3.0856E-01 -3.6907E+00  1.6584E+01 -1.1830E-01  1.8622E+01 ,       210  2.7355E-01 -3.8676E+00  1.7255E+01 -3.1417E-01  1.9865E+01 ,

ne          0         5    311334         6         4 ;       210  2.5209E-01  9.8313E-01  1.7454E+01  4.3906E-01  5.8395E+00 ,       240  1.2874E+00 -8.2970E-01  2.1716E+01  1.8227E-01  6.6981E+00 ,

ge          0         5    445559        18         2 ;       200  8.2417E-01 -1.9267E+00  1.6218E+01 -2.3619E-01  4.5705E+00 ,       210  3.0475E+00 -2.1981E+00  1.6800E+01 -8.8507E-02  4.5927E+00 ,       220  4.4780E-01 -2.9416E+00  1.8200E+01  4.8445E-01  4.6497E+00 ,

ne          0         5    450279         7         5 ;       220  1.3123E+00  1.9668E+00  1.8403E+01 -9.4672E-02  9.1611E+00 ,       230  1.7220E+00  2.1997E+00  2.0309E+01  1.5525E-01  1.0175E+01 ,

ne          0         5    475894         8         5 ;       220  1.3439E+01 -5.3323E+00  1.8835E+01 -5.9353E-02  4.8410E+00 ,       230  2.0781E+01 -5.4265E+00  1.9600E+01  1.9491E-01  4.9600E+00 ,

ne          0         5    580829        11         3 ;       200  1.9968E+01 -4.1673E+00  1.6255E+01 -2.5364E-01  5.8855E+00 ,       210  2.2543E-01 -5.3006E+00  1.6832E+01  9.8844E-03  7.6421E+00 ,

ne          0         5    584544        15         3 ;       200  2.2099E-01  7.7397E-01  1.6051E+01 -1.4052E-02  3.8478E+01 ,       210  1.0927E+01 -6.3946E+00  1.7657E+01 -3.5868E-01  7.2992E+00 ,

ne          0         5    697580        10         5 ;       200  9.0915E+00  4.5456E+00  1.6298E+01 -5.8856E-01  5.6587E+00 ,       210  2.8649E+00  6.0421E+00  1.6932E+01  5.0561E-01  6.2194E+00 ,

ge          0         5    710165         8         2 ;       210  6.1485E-01 -3.8686E-01  1.7699E+01  1.9070E-01  3.8612E+00 ,       220  2.5964E+00 -3.9030E-01  1.8200E+01  1.7589E-01  3.8780E+00 ,       230  6.7721E-01  4.2568E-01  1.9600E+01  4.2520E-01  3.9357E+00 ,

ne          0         5    782407         6         3 ;       230  1.4665E+01 -5.4607E+00  2.0051E+01 -1.1341E-02  5.5335E+00 ,       240  5.3572E-01 -4.8471E+00  2.1290E+01 -4.6351E-01  6.9104E+00 ,

ne          0         5    960430         3         2 ;       230  3.2442E+00  1.4169E+00  2.0592E+01  2.2886E-01  5.6574E+00 ,       240  2.5806E-01  1.2837E+00  2.1102E+01  1.6089E-01  5.6751E+00 ,

ne          0         6      4871         2         8 ;       200  3.5316E-01  3.8308E-01  1.5931E+01 -1.9346E-02  1.1459E+01 ,       210  2.5425E-01  1.1357E+00  1.7618E+01  8.7419E-03  1.2680E+01 ,

ne          0         6     38230         6         3 ;       210  1.1304E+01 -5.1383E-02  1.7988E+01  3.3943E-01  4.6689E+00 ,       220  1.6591E+01 -3.6409E-02  1.8200E+01  3.1503E-01  4.7073E+00 ,

ne          0         6     70913        11         7 ;       200  6.4211E-01 -3.0901E+00  1.6365E+01  3.4994E-01  1.3874E+01 ,       210  1.5397E-01 -1.7585E+00  1.6974E+01  1.5901E-02  1.6623E+01 ,

ne          0         6     99725        12        10 ;       200  1.3283E-01 -3.1884E+00  1.6035E+01  2.8599E-01  1.0693E+01 ,       210  8.8501E-01 -6.5320E-01  1.7580E+01 -4.7008E-01  1.2517E+01 ,

ne          0         6    175684         7         4 ;       200  2.7342E-01 -4.3977E+00  1.6595E+01 -5.9401E-01  6.2551E+00 ,       210  1.3660E+01 -4.4050E+00  1.6800E+01 -5.6032E-01  6.2961E+00 ,

ne          0         6    375187         9         6 ;       200  5.7551E+00 -2.3394E-01  1.5988E+01  3.9258E-01  5.0991E+00 ,       210  1.1821E+01 -9.1497E-02  1.6848E+01  4.4686E-01  5.2191E+00 ,

ge          0         6    404958         6         1 ;       210  5.9037E-01 -4.0775E+00  1.7759E+01 -3.2500E-01  3.5911E+00 ,       220  3.0452E+00 -4.3639E+00  1.8200E+01 -1.8509E-01  3.6097E+00 ,       230  1.0719E+00 -5.2154E+00  1.9600E+01 -4.1966E-03  3.6693E+00 ,

ne          0         6    455887        11         7 ;       200  1.6528E+00  6.3672E+00  1.6314E+01  3.4470E-02  8.5163E+00 ,       210  1.1826E-01  6.8378E+00  1.7219E+01  9.5907E-02  1.0832E+01 ,

ne          0         6    612440         7         4 ;       210  1.7535E-01  2.2142E+00  1.7928E+01  5.9917E-01  7.7343E+00 ,       220  2.9391E+00  4.3233E+00  1.8901E+01  2.1269E-01  7.1711E+00 ,

ne          0         6    637634         7         4 ;       200  2.1449E-01 -4.4473E+00  1.5570E+01 -4.4300E-01  6.3098E+00 ,       210  1.4737E+00 -5.2817E+00  1.6907E+01 -1.8370E-01  6.6156E+00 ,

ne          0         6    665264        23         8 ;       230  1.1995E-01 -5.9622E+00  1.9771E+01 -5.0380E-01  2.5838E+01 ,       240  1.1239E-01 -6.2486E+00  2.1125E+01 -2.5095E-01  2.8007E+01 ,

ne          0         6    718514         9         3 ;       230  1.6358E+01  6.1377E-01  2.0588E+01 -3.6834E-01  5.8333E+00 ,       240  1.5389E-01 -5.1914E-01  2.1977E+01  4.8191E-01  6.5273E+00 ,

ne          0         6    873782         6         4 ;       230  1.9859E-01 -6.9439E+00  2.0789E+01  5.0909E-01  5.0374E+00 ,       240  2.6582E+01 -6.9375E+00  2.1000E+01  4.5129E-01  5.0629E+00 ,

ne          0         6    893802        10         6 ;       200  7.1334E-01  2.3508E+00  1.6061E+01 -1.1658E-01  9.6476E+00 ,       210  2.8177E-01  3.7654E+00  1.7432E+01  1.2371E-01  1.0632E+01 ,       220  3.6246E-01  4.7838E+00  1.8269E+01 -2.0120E-01  1.1355E+01 ,

ne          0         6    939880        10         4 ;       200  1.4586E+00 -2.4256E+00  1.6190E+01  3.2482E-02  9.4670E+00 ,       210  6.6182E-01 -2.5055E+00  1.7424E+01 -1.3286E-01  1.0035E+01 ,       230  5.4021E-01 -4.5865E+00  2.0791E+01  2.2673E-01  1.2140E+01 ,

ne          0         6    973188         8         3 ;       200  3.8111E+00  3.0739E+00  1.6118E+01 -9.4887E-02  6.1928E+00 ,       210  2.6358E+00  2.8713E+00  1.6878E+01  4.1225E-01  6.3893E+00 ,

ne          0         7     78348        10         4 ;       230  1.1044E-01  3.7058E+00  1.9849E+01 -3.2374E-01  7.8806E+00 ,       240  2.3625E+00  1.1009E+00  2.1965E+01  4.2047E-01  9.0908E+00 ,

ne          0         7    133411         7         4 ;       220  5.5727E+00  1.5902E+00  1.8717E+01  6.3191E-02  6.4995E+00 ,       230  1.0340E+01  1.6719E+00  1.9600E+01 -5.1293E-02  6.6713E+00 ,

ne          0         7    215496         8         4 ;       200  1.9430E+00  3.0497E+00  1.6087E+01  2.8946E-02  9.0600E+00 ,       210  1.0678E+00  2.8663E+00  1.7649E+01 -4.3449E-01  9.9195E+00 ,

ne          0         7    382854        14         8 ;       220  2.3939E-01 -4.7906E+00  1.9296E+01 -2.0837E-01  1.5064E+01 ,       230  5.5345E-01 -3.5290E+00  2.0595E+01 -3.7242E-01  1.5718E+01 ,

ne          0         7    415897         8         3 ;       210  1.8095E+00  2.8822E+00  1.7818E+01 -4.8853E-01  7.3665E+00 ,       220  4.5118E+00  3.3651E+00  1.8981E+01  5.5702E-01  7.7905E+00 ,

ge          0         7    424131        16         2 ;       200  1.1735E+00 -2.8796E+00  1.5599E+01 -4.4189E-01  3.5270E+00 ,       220  5.3652E-01 -3.1416E+00  1.9285E+01  2.4168E-03  3.6512E+00 ,       230  2.5080E+00 -3.1049E+00  1.9600E+01  4.2231E-03  3.6620E+00 ,

ne          0         7    427946         9         6 ;       200  5.6518E-01  4.8647E+00  1.5643E+01  4.0948E-01  1.2851E+01 ,       210  2.1870E-01  4.0211E+00  1.7522E+01 -2.3196E-01  1.4528E+01 ,

ne          0         7    430494        12         8 ;       210  1.1939E-01 -2.1291E+00  1.7905E+01  2.8968E-01  1.9357E+01 ,       220  4.1172E-01 -1.0146E+00  1.8315E+01  2.5270E-01  2.0561E+01 ,

ne          0         7    444465        12         5 ;       200  3.3520E+00  9.9365E-01  1.5949E+01 -5.9076E-01  8.9699E+00 ,       210  1.1894E-01  2.8112E-01  1.7580E+01 -1.1862E-01  1.0535E+01 ,       220  4.2952E-01  3.3826E-01  1.8508E+01  2.0330E-01  1.1369E+01 ,

ne          0         7    631985        27         7 ;       200  2.6374E-01 -7.5602E-01  1.6227E+01 -5.9077E-01  9.3616E+00 ,       210  2.2634E+00  2.4734E-03  1.6855E+01  5.6192E-02  9.7919E+00 ,

ne          0         7    694322         5         3 ;       220  4.7226E+00 -4.0049E+00  1.9328E+01  4.1273E-01  9.7016E+00 ,       230  3.7258E-01 -5.1951E+00  1.9775E+01  3.9295E-01  1.0960E+01 ,

ne          0         7    724591         8         3 ;       210  1.7473E+00 -7.0020E-01  1.7159E+01  8.4132E-02  1.0731E+01 ,       230  1.5808E+00  3.4849E+00  2.0687E+01  1.8565E-01  8.3688E+00 ,

ne          0         7    928609         8         4 ;       230  2.7750E-01  9.4264E-02  1.9609E+01  6.0673E-02  1.1195E+01 ,       240  9.2275E-01  6.1436E-01  2.1168E+01 -3.6463E-01  1.1876E+01 ,

ne          0         7    974534         7         6 ;       220  7.5084E+00  2.7206E+00  1.9148E+01 -6.0000E-01  4.9576E+00 ,       230  1.6156E+01  2.6689E+00  1.9600E+01 -4.3185E-01  5.0411E+00 ,

ne          0         8     12412        20         4 ;       210  4.9723E+00 -3.1501E+00  1.6864E+01 -4.0064E-02  7.7028E+00 ,       240  1.3270E+00  2.8560E-01  2.1122E+01 -1.8734E-01  1.0291E+01 ,

ne          0         8     85895        11         4 ;       200  1.5556E-01 -4.2430E+00  1.5414E+01 -7.0868E-02  9.6207E+00 ,       220  1.1584E-01 -4.1216E+00  1.9297E+01  1.2908E-01  1.1209E+01 ,

ge          0         8    129503        16         1 ;       200  1.4497E+00 -2.8273E+00  1.5818E+01 -4.0791E-01  6.0815E+00 ,       210  3.8883E+00 -2.6276E+00  1.6800E+01 -3.9976E-01  6.1153E+00 ,       220  1.0868E+00 -1.8500E+00  1.8200E+01  2.1404E-01  6.1779E+00 ,

ne          0         8    162820         8         6 ;       200  1.6990E-01 -3.2754E+00  1.5817E+01  3.3737E-01  1.1143E+01 ,       210  1.6501E-01 -3.3926E+00  1.6837E+01  4.3430E-01  1.1883E+01 ,

ge          0         8    180351         7         2 ;       220  7.1563E-01 -4.8873E+00  1.8993E+01  4.1280E-02  3.4775E+00 ,       230  2.4668E+00 -4.9820E+00  1.9600E+01  2.2401E-01  3.4990E+00 ,       240  1.3454E+00 -4.7285E+00  2.1000E+01  3.2750E-01  3.5508E+00 ,

ne          0         8    340590        12         6 ;       210  7.4932E-01  6.2726E+00  1.7193E+01 -3.0963E-01  1.1869E+01 ,       220  7.0505E-01  6.5332E+00  1.8418E+01 -4.4368E-01  1.2632E+01 ,

ne          0         8    393344        10         5 ;       200  6.6844E-01  4.4472E+00  1.6424E+01 -1.3281E-02  9.8381E+00 ,       210  5.4154E+00  5.6191E+00  1.7149E+01  5.3409E-01  8.0089E+00 ,       220  9.4759E-01  5.1866E+00  1.8860E+01  2.5164E-01  8.6945E+00 ,

ne          0         8    394651         8         4 ;       210  3.9033E+00  2.7229E+00  1.7596E+01 -1.7284E-01  6.7325E+00 ,       220  3.8229E-01  2.5306E+00  1.8301E+01 -3.6142E-01  6.9115E+00 ,

ne          0         8    495345         7         4 ;       220  1.3513E+00 -3.3449E+00  1.9203E+01  2.9306E-01  1.1335E+01 ,       230  1.3513E+00 -4.9583E+00  2.0615E+01  1.0986E-01  1.2505E+01 ,

ne          0         8    538940        11         7 ;       220  1.0316E+00  6.8871E+00  1.8318E+01  4.7249E-01  1.0736E+01 ,       230  1.2952E+00  3.6366E+00  2.0191E+01  1.3292E-01  1.2581E+01 ,

ne          0         8    604654         7         4 ;       200  6.2593E+00  2.3053E+00  1.5411E+01 -3.3771E-01  7.3764E+00 ,       210  1.4065E-01 -1.6830E+00  1.7548E+01 -1.7123E-01  1.1190E+01 ,

ne          0         8    734448         8         4 ;       210  1.4244E+00 -2.7879E+00  1.7979E+01 -2.7639E-01  6.2309E+00 ,       220  1.2873E+01 -2.6823E+00  1.8200E+01 -6.5031E-02  6.2988E+00 ,

ne          0         8    872046        16         3 ;       230  4.3083E+00 -1.2043E+00  2.0734E+01 -1.0210E-01  1.0633E+01 ,       240  1.4143E-01 -1.5931E+00  2.1007E+01 -2.7792E-01  1.1320E+01 ,

ne          0         8    889166         5         3 ;       200  2.9651E-01 -2.5252E+00  1.6099E+01 -2.1257E-01  1.9872E+01 ,       210  2.1601E-01 -4.6242E+00  1.6810E+01  4.9377E-02  2.2527E+01 ,       220  2.3457E-01 -1.2163E+00  1.8396E+01 -3.7127E-01  1.7502E+01 ,

ne          0         9     20142         6         3 ;       210  1.6915E-01  2.8701E+00  1.7454E+01 -5.5787E-01  6.6067E+00 ,       230  1.1260E+01  4.5359E+00  2.0446E+01  2.9172E-01  7.3099E+00 ,

ne          0         9    116360         9         5 ;       200  2.7138E+00  1.3844E+00  1.5783E+01 -1.9859E-01  6.1032E+00 ,       220  1.4654E-01 -1.5953E+00  1.8572E+01 -4.9574E-01  7.7992E+00 ,

ne          0         9    210673         7         3 ;       220  3.2692E+00  2.3379E+00  1.9303E+01 -2.5180E-01  5.7719E+00 ,       240  1.6816E-01 -4.1078E+00  2.1505E+01  2.5893E-01  6.8188E+00 ,

ne          0         9    368818         3        11 ;       210  2.0052E-01 -3.9708E-01  1.7975E+01 -8.1602E-02  1.5216E+01 ,       230  2.8145E-01 -3.0583E-02  1.9698E+01  4.5910E-02  1.7689E+01 ,

ne          0         9    386777        10         6 ;       210  1.1612E+00  5.1618E+00  1.7053E+01 -3.6111E-01  9.8295E+00 ,       220  5.2964E+00  3.7951E+00  1.8449E+01 -9.3866E-02  1.0279E+01 ,       230  1.7471E+00  3.8812E+00  2.0754E+01  2.2968E-01  1.1041E+01 ,

ne          0         9    410700        10         5 ;       200  5.3531E-01  2.8324E+00  1.6582E+01 -1.5778E-01  6.7096E+00 ,       220  2.2573E+00  1.3151E+00  1.8328E+01 -1.1574E-01  7.1923E+00 ,

ne          0         9    466818        10         6 ;       200  2.0048E+00 -6.5350E-01  1.6582E+01  2.6316E-01  8.4637E+00 ,       210  7.2797E-01 -2.8156E+00  1.7281E+01 -3.3588E-01  1.0408E+01 ,

ne          0         9    627856        12         8 ;       200  1.0579E+00  4.3205E+00  1.6193E+01  4.3742E-01  1.4198E+01 ,       210  7.1643E-01  3.9629E+00  1.7210E+01 -2.4142E-02  1.4970E+01 ,

ne          0         9    629640         6         4 ;       210  9.1254E-01  4.1934E+00  1.7618E+01 -7.8153E-02  7.6311E+00 ,       220  2.0996E+00  4.4498E+00  1.8299E+01 -4.1459E-01  7.1804E+00 ,

ge          0         9    734953         5         2 ;       210  1.0843E-01  2.8157E+00  1.7941E+01  9.1245E-02  4.1776E+00 ,       220  2.5465E+00  2.7446E+00  1.8200E+01  6.1367E-03  4.1871E+00 ,       230  1.0167E+00  2.5516E+00  1.9600E+01 -8.7064E-02  4.2401E+00 ,

ne          0         9    845818        11         4 ;       220  8.2626E+00  6.0112E+00  1.8943E+01  4.2675E-01  5.5838E+00 ,       240  9.0327E-01  6.6837E+00  2.1092E+01  3.6329E-01  6.0109E+00 ,

ne          0         9    888452         8         4 ;       200  1.5029E-01  3.2520E+00  1.5731E+01 -4.1171E-01  6.9957E+00 ,       230  3.6415E-01  1.2675E+00  2.0774E+01  1.8877E-01  9.5862E+00 ,

ge          0         9    935308        10         1 ;       210  3.3404E-01  4.0857E+00  1.7849E+01 -4.4839E-01  4.7155E+00 ,       220  4.2277E+00 -6.6820E+00  1.9315E+01 -6.0931E-02  2.0125E+01 ,       230  4.7838E-01 -6.7607E+00  1.9740E+01 -1.3130E-01  2.0563E+01 ,

ne          0         9    935308        10         1 ;       220  1.3672E-01 -6.6820E+00  1.9315E+01 -6.0931E-02  2.0125E+01 ,       230  1.4745E-01 -6.7607E+00  1.9740E+01 -1.3130E-01  2.0563E+01 ,

ne          0         9    964939         8         3 ;       220  7.9460E-01  3.6116E+00  1.9142E+01 -1.7206E-01  8.6588E+00 ,       230  1.1414E+00  3.3625E+00  2.0045E+01  5.7870E-02  7.9091E+00 ,

ne          0        10    599399        10         6 ;       210  3.4687E-01 -4.9749E-01  1.7003E+01  2.7597E-01  1.1492E+01 ,       230  3.3742E-01 -2.3074E+00  2.0049E+01 -1.3012E-01  1.3286E+01 ,

ne          0        10    724010         8         5 ;       210  5.0852E+00 -3.8395E-01  1.7932E+01 -1.5661E-01  6.1722E+00 ,       220  7.0386E+00 -5.6589E-01  1.8200E+01 -6.3387E-02  6.2629E+00 ,

ne          0        10    729196        11         5 ;       210  6.2691E-01 -5.9771E+00  1.7001E+01  2.5582E-01  1.2661E+01 ,       220  1.5374E+00 -4.4697E+00  1.8290E+01  2.3811E-01  1.1329E+01 ,

ne          0        10    779198         7         3 ;       210  8.4073E-01  2.0471E+00  1.7344E+01 -1.6558E-01  4.5531E+00 ,       220  1.5018E+01  1.9273E+00  1.8273E+01  1.0896E-01  4.6489E+00 ,       230  2.8646E+01  1.7278E+00  1.9600E+01  2.8835E-01  4.7937E+00 ,       240  1.4379E+01  1.5172E+00  2.1000E+01  4.7764E-01  5.0019E+00 ,

ge          0        10    782880         4         1 ;       220  7.6706E-02  1.6594E+00  1.9367E+01  5.9967E-01  3.4093E+00 ,       230  2.6948E+00  4.1997E+00  1.9600E+01 -1.0406E-01  3.3311E+00 ,       240  1.9178E-01  4.9354E+00  2.1000E+01  5.4887E-01  3.3900E+00 ,

ne          0        10    795112         7         4 ;       200  1.4808E+00  5.7452E-02  1.6089E+01  5.0808E-01  8.2616E+00 ,       210  8.0954E-01 -1.3450E-02  1.7924E+01 -7.9969E-02  8.9431E+00 ,
