!Required final counter 1 value =       2 ; Required final counter 2 value =       3
!       #iomp    #batch  #history       #no     #name        #reg  EdepA(MeV)      xA(cm)      yA(cm)      zA(cm)      tA(ns)        #reg  EdepB(MeV)      xB(cm)      yB(cm)      zB(cm)      tB(ns)        #reg  EdepC(MeV)      xC(cm)      yC(cm)      zC(cm)      tC(ns)
!ncol   Z   N jcl kcl nclsts 
!In/Out kf-code     E(MeV)      weight 

ne          0         1     37471         2         3 ;       200  3.5420E+00 -3.6192E+00  1.6499E+01  3.4674E-01  4.6892E+00 ,       210  6.3588E-01 -3.3907E+00  1.6800E+01  5.8677E-01  4.7539E+00 ,
rx 14   6   6  4  0   4     37471         2         3         200             -3.6192E+00  1.6499E+01  3.4674E-01
  In      2112  5.3682E+01  1.0000E+00
 Out      2212  2.8762E+01  1.0000E+00 ,      2112  5.9897E+00  1.0000E+00 ,   5000011  3.0682E-01  1.0000E+00 ,        22  2.6666E+00  1.0000E+00

ne          0         1     40165         7         3 ;       200  5.3470E-01  5.6593E+00  1.6461E+01 -1.5927E-01  1.0114E+01 ,       220  2.6337E-01  6.4522E+00  1.8655E+01 -1.7594E-01  1.1908E+01 ,
rx 14  14  15 10  3   2     40165         7         3         200              5.6593E+00  1.6461E+01 -1.5927E-01
  In      2112  1.4185E+00  1.0000E+00
 Out      2112  1.3952E+00  1.0000E+00 ,  14000029  2.3385E-02  1.0000E+00
rx 14   1   0 10  3   2     40165         7         4         200              5.6509E+00  1.6497E+01 -1.7044E-01
  In      2112  1.3952E+00  1.0000E+00
 Out      2112  8.8468E-01  1.0000E+00 ,      2212  5.1131E-01  1.0000E+00
rx 14   1   0 10  3   2     40165         7         5         220              6.4522E+00  1.8655E+01 -1.7594E-01
  In      2112  8.8468E-01  1.0000E+00
 Out      2112  6.2169E-01  1.0000E+00 ,      2212  2.6337E-01  1.0000E+00

ge          0         1    117867         6         1 ;       210  1.8265E+00  2.8782E+00  1.7138E+01 -1.2679E-01  3.8209E+00 ,       220  3.2731E+00  3.5546E+00  1.8200E+01 -4.7890E-02  3.8654E+00 ,       230  7.6675E-01  4.2956E+00  1.9600E+01 -2.6472E-01  3.9260E+00 ,
rx 14   0   0 13  0   3    117867         6         1         210              2.8782E+00  1.7138E+01 -1.2679E-01
  In        22  6.7844E+00  1.0000E+00
 Out        22  7.7930E-01  1.0000E+00 ,        11  6.0051E+00  1.0000E+00 ,        11  1.4000E-05  1.0000E+00

ne          0         1    300044         7         6 ;       200  6.8199E-01 -5.3861E+00  1.5672E+01  9.3704E-02  8.2603E+00 ,       220  2.5493E+00 -6.7953E+00  1.8230E+01  4.3308E-01  7.3122E+00 ,
rx 14   6   6 10  0   3    300044         7         6         220             -6.7953E+00  1.8230E+01  4.3308E-01
  In      2112  1.2014E+01  1.0000E+00
 Out      2112  5.0680E+00  1.0000E+00 ,   6000012  2.5493E+00  1.0000E+00 ,        22  4.3830E+00  1.0000E+00
rx 14   6   6 10  3   2    300044         7         7         200             -5.3861E+00  1.5672E+01  9.3704E-02
  In      2112  5.0680E+00  1.0000E+00
 Out      2112  4.3869E+00  1.0000E+00 ,   6000012  6.8199E-01  1.0000E+00

ne          0         1    307049         2         8 ;       200  2.8186E-01 -3.3788E+00  1.5543E+01  4.1185E-01  1.1514E+01 ,       210  9.9936E-01 -3.9235E+00  1.7291E+01  4.8374E-02  1.2859E+01 ,
rx 14   1   0 10  3   2    307049         2         8         200             -3.3788E+00  1.5543E+01  4.1185E-01
  In      2112  1.2900E+00  1.0000E+00
 Out      2112  1.0083E+00  1.0000E+00 ,      2212  2.8186E-01  1.0000E+00
rx 14   1   0 10  3   2    307049         2         9         210             -3.9235E+00  1.7291E+01  4.8374E-02
  In      2112  1.0083E+00  1.0000E+00
 Out      2112  2.6354E-01  1.0000E+00 ,      2212  7.4571E-01  1.0000E+00
rx 14   1   0 10  3   2    307049         2        10         210             -4.3480E+00  1.7494E+01  2.8264E-01
  In      2112  2.6354E-01  1.0000E+00
 Out      2112  1.2008E-01  1.0000E+00 ,      2212  1.4360E-01  1.0000E+00
rx 14   1   0 10  3   2    307049         2        11         210             -4.3569E+00  1.7501E+01  2.7865E-01
  In      2112  1.2008E-01  1.0000E+00
 Out      2112  1.0269E-02  1.0000E+00 ,      2212  1.1006E-01  1.0000E+00

ne          0         1    651859         3         2 ;       210  2.2135E+00  3.6040E+00  1.7983E+01 -3.0862E-01  6.3461E+00 ,       220  7.3769E+00  3.6914E+00  1.8200E+01  5.2924E-02  6.4608E+00 ,
rx 14   1   0 10  3   2    651859         3         2         210              3.6040E+00  1.7983E+01 -3.0862E-01
  In      2112  1.7328E+01  1.0000E+00
 Out      2112  7.7014E+00  1.0000E+00 ,      2212  9.5904E+00  1.0000E+00

ne          0         1    758610         3         4 ;       210  5.9019E-01  4.4828E+00  1.7971E+01 -4.6084E-03  1.5308E+01 ,       220  1.0855E-01  4.1716E+00  1.8585E+01  2.0441E-01  1.6428E+01 ,
rx 14   1   0 10  3   2    758610         3         4         210              4.4828E+00  1.7971E+01 -4.6084E-03
  In      2112  8.0554E-01  1.0000E+00
 Out      2112  2.1601E-01  1.0000E+00 ,      2212  5.9019E-01  1.0000E+00
rx 14   1   0 10  3   2    758610         3         5         220              4.1716E+00  1.8585E+01  2.0441E-01
  In      2112  2.1601E-01  1.0000E+00
 Out      2112  1.0758E-01  1.0000E+00 ,      2212  1.0855E-01  1.0000E+00

ne          0         2     10196         2         4 ;       210  5.8593E-01  3.0806E+00  1.7920E+01  3.4301E-01  9.9591E+00 ,       220  7.2354E-01  2.4225E+00  1.8876E+01 -1.8154E-01  9.3909E+00 ,
rx 14   6   6 10  3   2     10196         2         4         220              2.4225E+00  1.8876E+01 -1.8154E-01
  In      2112  3.3617E+00  1.0000E+00
 Out      2112  2.6388E+00  1.0000E+00 ,   6000012  7.2354E-01  1.0000E+00
rx 14   8   8 10  3   2     10196         2         5         210              3.0806E+00  1.7920E+01  3.4301E-01
  In      2112  2.6388E+00  1.0000E+00
 Out      2112  2.0533E+00  1.0000E+00 ,   8000016  5.8593E-01  1.0000E+00

ne          0         2     84963         2         2 ;       200  1.2508E-01 -6.1298E+00  1.6462E+01 -2.5057E-01  9.6145E+00 ,       210  2.8070E+00 -6.0059E+00  1.7296E+01  8.1883E-02  9.9373E+00 ,
rx 14   6   6 10  3   2     84963         2         2         200             -6.1298E+00  1.6462E+01 -2.5057E-01
  In      2112  4.2714E+00  1.0000E+00
 Out      2112  4.1465E+00  1.0000E+00 ,   6000012  1.2508E-01  1.0000E+00
rx 14   1   0 10  3   2     84963         2         3         210             -6.0059E+00  1.7296E+01  8.1883E-02
  In      2112  4.1465E+00  1.0000E+00
 Out      2112  1.3395E+00  1.0000E+00 ,      2212  2.8070E+00  1.0000E+00

ne          0         2     95096         2         4 ;       200  5.0250E-01 -5.9241E+00  1.6392E+01  7.3725E-02  9.6533E+00 ,       210  3.2956E-01 -6.1454E+00  1.6811E+01  7.7789E-02  1.0041E+01 ,
rx 14   1   0 10  3   2     95096         2         4         200             -5.9241E+00  1.6392E+01  7.3725E-02
  In      2112  1.2849E+00  1.0000E+00
 Out      2112  7.8271E-01  1.0000E+00 ,      2212  5.0250E-01  1.0000E+00
rx 14   1   0 10  3   2     95096         2         5         210             -6.1454E+00  1.6811E+01  7.7789E-02
  In      2112  7.8271E-01  1.0000E+00
 Out      2112  4.5359E-01  1.0000E+00 ,      2212  3.2956E-01  1.0000E+00

ge          0         2    136077        10         1 ;       210  1.7978E+00 -5.0964E+00  1.7144E+01  2.0381E-01  7.4993E+00 ,       220  2.1926E+00 -4.9017E+00  1.8200E+01 -2.3575E-03  7.5364E+00 ,       230  1.2331E+00 -5.3904E+00  1.9600E+01 -4.5040E-01  7.5936E+00 ,
rx 14   0   0 13  0   3    136077        10         1         210             -5.0964E+00  1.7144E+01  2.0381E-01
  In        22  6.0922E+00  1.0000E+00
 Out        22  2.8052E-01  1.0000E+00 ,        11  5.8114E+00  1.0000E+00 ,        11  2.8470E-04  1.0000E+00
rx 13   0   0 13  0   2    136077        34         1         220             -4.9137E+00  1.9052E+01 -1.2953E-01
  In        22  3.2738E-03  1.0000E+00
 Out        11  2.9900E-03  1.0000E+00 ,        11  2.8380E-04  1.0000E+00

ne          0         2    214032         3         5 ;       210  4.2872E-01 -6.6522E+00  1.7335E+01 -2.6422E-02  1.3243E+01 ,       220  1.4630E-01 -6.0105E+00  1.9055E+01 -3.5973E-01  1.4849E+01 ,       230  3.2578E-01 -5.4314E+00  2.0384E+01  7.1588E-02  1.6309E+01 ,
rx 14   1   0 10  3   2    214032         3         5         210             -6.6522E+00  1.7335E+01 -2.6422E-02
  In      2112  1.1357E+00  1.0000E+00
 Out      2112  7.0735E-01  1.0000E+00 ,      2212  4.2872E-01  1.0000E+00
rx 14   1   0 10  3   2    214032         3         6         220             -6.0105E+00  1.9055E+01 -3.5973E-01
  In      2112  7.0735E-01  1.0000E+00
 Out      2112  5.6129E-01  1.0000E+00 ,      2212  1.4630E-01  1.0000E+00
rx 14   1   0 10  3   2    214032         3         7         230             -5.4314E+00  2.0384E+01  7.1588E-02
  In      2112  5.6129E-01  1.0000E+00
 Out      2112  2.3584E-01  1.0000E+00 ,      2212  3.2578E-01  1.0000E+00

ne          0         2    362393         2         5 ;       220  1.9701E-01  8.9674E-01  1.8357E+01  7.6721E-02  1.5174E+01 ,       230  3.7120E-01 -1.2958E+00  2.0082E+01  2.5298E-01  1.7385E+01 ,       240  1.0967E-01 -1.6125E+00  2.1790E+01  1.7946E-01  1.9227E+01 ,
rx 14   6   6 10  3   2    362393         2         5         220              8.9674E-01  1.8357E+01  7.6721E-02
  In      2112  1.0338E+00  1.0000E+00
 Out      2112  8.3687E-01  1.0000E+00 ,   6000012  1.9701E-01  1.0000E+00
rx 14   1   0 10  3   2    362393         2         6         230             -1.2958E+00  2.0082E+01  2.5298E-01
  In      2112  8.3687E-01  1.0000E+00
 Out      2112  4.6593E-01  1.0000E+00 ,      2212  3.7120E-01  1.0000E+00
rx 14   1   0 10  3   2    362393         2         7         240             -1.6125E+00  2.1790E+01  1.7946E-01
  In      2112  4.6593E-01  1.0000E+00
 Out      2112  3.5645E-01  1.0000E+00 ,      2212  1.0967E-01  1.0000E+00

ne          0         2    481030         2         6 ;       210  4.3117E-01  5.8143E+00  1.7820E+01 -3.0866E-01  1.2489E+01 ,       230  1.0741E-01  4.9997E+00  1.9773E+01  5.0100E-01  1.4350E+01 ,
rx 14   1   0 10  3   2    481030         2         6         210              5.8143E+00  1.7820E+01 -3.0866E-01
  In      2112  1.2060E+00  1.0000E+00
 Out      2112  7.7511E-01  1.0000E+00 ,      2212  4.3117E-01  1.0000E+00
rx 14   1   0 10  3   2    481030         2         7         230              4.9997E+00  1.9773E+01  5.0100E-01
  In      2112  7.7511E-01  1.0000E+00
 Out      2112  6.6788E-01  1.0000E+00 ,      2212  1.0741E-01  1.0000E+00

ne          0         2    493471         3         3 ;       210  3.6676E+00  2.3975E+00  1.7369E+01  1.6085E-01  8.1546E+00 ,       220  2.6561E+00  3.0526E+00  1.8273E+01 -3.8533E-01  8.6839E+00 ,
rx 14   1   0 10  3   2    493471         3         3         210              2.3975E+00  1.7369E+01  1.6085E-01
  In      2112  6.5654E+00  1.0000E+00
 Out      2112  2.8954E+00  1.0000E+00 ,      2212  3.6676E+00  1.0000E+00
rx 14   1   0 10  3   2    493471         3         4         220              3.0526E+00  1.8273E+01 -3.8533E-01
  In      2112  2.8954E+00  1.0000E+00
 Out      2112  5.1866E-01  1.0000E+00 ,      2212  2.3771E+00  1.0000E+00
rx 14   1   0 10  3   2    493471         3         5         220              3.0668E+00  1.8275E+01 -3.7948E-01
  In      2112  5.1866E-01  1.0000E+00
 Out      2112  2.4024E-01  1.0000E+00 ,      2212  2.7902E-01  1.0000E+00

ne          0         2    532939         7         3 ;       200  2.5708E+01 -4.1998E+00  1.5400E+01 -5.9495E-01  4.5118E+00 ,       210  1.7239E+01 -4.7060E+00  1.6800E+01 -3.6557E-01  4.7238E+00 ,

ne          0         2    591058         2         2 ;       230  2.8000E+00 -3.6686E+00  2.0703E+01  5.2866E-01  5.8046E+00 ,       240  6.6787E+00 -3.7086E+00  2.1000E+01  5.7012E-01  5.8526E+00 ,
rx 14   1   0  3  0   2    591058         2         2         230             -3.6686E+00  2.0703E+01  5.2866E-01
  In      2112  3.0435E+01  1.0000E+00
 Out      2212  2.3850E+01  1.0000E+00 ,      2112  6.5806E+00  1.0000E+00

ge          0         2    623554         6         1 ;       200  2.8735E+00 -2.8235E+00  1.5400E+01 -1.5276E-01  3.3249E+00 ,       210  3.2351E+00 -3.1668E+00  1.6800E+01  1.5240E-01  3.3774E+00 ,       220  1.1273E+00 -1.8122E+00  1.8331E+01 -5.2135E-01  3.4217E+00 ,
rx 14   0   0 13  0   2    623554         6         1         220             -1.8122E+00  1.8331E+01 -5.2135E-01
  In        22  1.8770E+00  1.0000E+00
 Out        22  4.1469E-01  1.0000E+00 ,        11  1.4624E+00  1.0000E+00
rx 13   0   0 13  0   2    623554        32         1         210             -3.6782E+00  1.7583E+01 -1.5849E-01
  In        22  7.4438E-03  1.0000E+00
 Out        11  7.1600E-03  1.0000E+00 ,        11  2.8380E-04  1.0000E+00

ge          0         2    669433         4         1 ;       220  1.4420E+00  1.2386E+00  1.8660E+01  3.6739E-01  4.1877E+00 ,       230  3.2776E+00  1.6047E+00  1.9600E+01  2.3449E-01  4.2223E+00 ,       240  1.5161E+00  2.0700E+00  2.1000E+01 -6.0785E-02  4.2761E+00 ,
rx 14   0   0 13  0   3    669433         4         1         220              1.2386E+00  1.8660E+01  3.6739E-01
  In        22  6.9000E+00  1.0000E+00
 Out        22  6.6428E-01  1.0000E+00 ,        11  6.2355E+00  1.0000E+00 ,        11  2.8470E-04  1.0000E+00
rx 13   0   0 13  0   2    669433        15         1         230              1.7420E+00  1.9890E+01  2.4863E-01
  In        22  2.3605E-03  1.0000E+00
 Out        11  2.0767E-03  1.0000E+00 ,        11  2.8380E-04  1.0000E+00

ge          0         2    791683        10         1 ;       200  9.0505E-01 -3.1335E+00  1.6159E+01  4.5283E-01  3.6773E+00 ,       210  2.4004E+00 -3.2503E+00  1.6800E+01  5.1171E-01  3.6996E+00 ,       220  1.5580E+00 -2.9419E+00  1.8200E+01 -2.2232E-01  3.7568E+00 ,
rx 14   0   0 13  0   2    791683        10         1         200             -3.1335E+00  1.6159E+01  4.5283E-01
  In        22  5.1899E+00  1.0000E+00
 Out        22  3.2650E-01  1.0000E+00 ,        11  4.8634E+00  1.0000E+00

ne          0         3     98757         2         3 ;       210  2.3125E+00 -1.6959E+00  1.6912E+01 -4.0993E-01  7.9010E+00 ,       230  3.7733E+00 -3.1559E+00  1.9874E+01 -1.2306E-01  9.0662E+00 ,
rx 14   1   0 10  3   2     98757         2         3         210             -1.6959E+00  1.6912E+01 -4.0993E-01
  In      2112  6.5717E+00  1.0000E+00
 Out      2112  4.2597E+00  1.0000E+00 ,      2212  2.3125E+00  1.0000E+00
rx 14   1   0 10  3   2     98757         2         4         230             -3.1559E+00  1.9874E+01 -1.2306E-01
  In      2112  4.2597E+00  1.0000E+00
 Out      2112  8.8919E-01  1.0000E+00 ,      2212  3.3690E+00  1.0000E+00
rx 14   1   0 10  3   2     98757         2         5         230             -6.9068E+00  1.9998E+01 -5.5139E-01
  In      2112  8.8919E-01  1.0000E+00
 Out      2112  4.8537E-01  1.0000E+00 ,      2212  4.0423E-01  1.0000E+00

ne          0         3    117276         2         4 ;       230  5.6529E-01 -6.4687E+00  2.0021E+01  2.3811E-01  1.2804E+01 ,       240  5.4394E-01 -6.5041E+00  2.1222E+01 -1.0647E-01  1.3585E+01 ,
rx 14   1   0 10  3   2    117276         2         4         230             -6.4687E+00  2.0021E+01  2.3811E-01
  In      2112  1.9098E+00  1.0000E+00
 Out      2112  1.3452E+00  1.0000E+00 ,      2212  5.6529E-01  1.0000E+00
rx 14   1   0 10  3   2    117276         2         5         240             -6.5041E+00  2.1222E+01 -1.0647E-01
  In      2112  1.3452E+00  1.0000E+00
 Out      2112  8.0180E-01  1.0000E+00 ,      2212  5.4394E-01  1.0000E+00

ge          0         3    152259        16        23 ;       200  6.5470E-01 -1.6589E+00  1.6225E+01 -6.0000E-01  4.3500E+00 ,       210  2.6240E+00 -1.9173E+00  1.6800E+01 -5.0936E-01  4.3715E+00 ,       220  1.0841E+00 -2.2564E+00  1.8200E+01  1.2034E-01  4.4275E+00 ,

ne          0         3    388771         2         4 ;       210  5.4659E-01  3.2588E+00  1.7781E+01 -2.9648E-01  9.6132E+00 ,       230  1.1735E+00  5.4283E+00  1.9754E+01  2.4893E-01  1.0899E+01 ,
rx 14   1   0 10  3   2    388771         2         4         210              3.2588E+00  1.7781E+01 -2.9648E-01
  In      2112  3.4529E+00  1.0000E+00
 Out      2112  2.9071E+00  1.0000E+00 ,      2212  5.4659E-01  1.0000E+00
rx 14   6   6 10  3   2    388771         2         5         220              3.8426E+00  1.8546E+01  9.9501E-03
  In      2112  2.9071E+00  1.0000E+00
 Out      2112  2.8820E+00  1.0000E+00 ,   6000012  2.5072E-02  1.0000E+00
rx 14   1   0 10  3   2    388771         2         6         230              5.4283E+00  1.9754E+01  2.4893E-01
  In      2112  2.8820E+00  1.0000E+00
 Out      2112  1.7092E+00  1.0000E+00 ,      2212  1.1735E+00  1.0000E+00

ne          0         3    451857         2         3 ;       230  6.8080E+00  1.6634E+00  2.0585E+01  1.9211E-01  4.8020E+00 ,       240  3.1397E+01  1.5817E+00  2.1000E+01  2.2074E-01  4.8571E+00 ,
rx 14   6   6  4  0   4    451857         2         3         230              1.6634E+00  2.0585E+01  1.9211E-01
  In      2112  6.1584E+01  1.0000E+00
 Out      2212  3.5880E+01  1.0000E+00 ,      2112  8.0915E+00  1.0000E+00 ,   5000011  2.1264E-01  1.0000E+00 ,        22  1.4426E+00  1.0000E+00
rx 14   6   6 10  3   2    451857         2         4         230              1.7823E+00  2.0665E+01  4.2041E-01
  In      2112  8.0915E+00  1.0000E+00
 Out      2112  5.9829E+00  1.0000E+00 ,   6000012  2.1120E+00  1.0000E+00

ne          0         3    535547         3         5 ;       200  2.6113E-01 -3.8097E+00  1.5641E+01 -8.2707E-03  5.4505E+00 ,       210  5.4967E-01 -3.5971E+00  1.7037E+01 -7.9826E-02  5.6539E+00 ,
rx 14   6   6  3  0   2    535547         3         5         200             -3.8097E+00  1.5641E+01 -8.2707E-03
  In      2112  2.6583E+01  1.0000E+00
 Out      2112  2.6322E+01  1.0000E+00 ,   6000012  2.6113E-01  1.0000E+00
rx 14   8   8  3  0   2    535547         3         6         210             -3.5971E+00  1.7037E+01 -7.9826E-02
  In      2112  2.6322E+01  1.0000E+00
 Out      2112  2.5772E+01  1.0000E+00 ,   8000016  5.4967E-01  1.0000E+00

ne          0         3    671533         3         3 ;       200  5.2714E+00 -3.2068E+00  1.5877E+01 -1.6961E-01  9.5320E+00 ,       210  4.8206E-01 -3.1736E+00  1.7077E+01 -3.2669E-01  1.0043E+01 ,
rx 14   1   0 10  3   2    671533         3         3         200             -3.2068E+00  1.5877E+01 -1.6961E-01
  In      2112  8.2293E+00  1.0000E+00
 Out      2112  2.9507E+00  1.0000E+00 ,      2212  5.2714E+00  1.0000E+00
rx 14   8   8 10  3   2    671533         3         4         210             -3.1736E+00  1.7077E+01 -3.2669E-01
  In      2112  2.9507E+00  1.0000E+00
 Out      2112  2.4691E+00  1.0000E+00 ,   8000016  4.8206E-01  1.0000E+00

ne          0         3    712448         2         7 ;       200  5.7762E-01  5.4384E+00  1.5559E+01 -2.3054E-01  1.5938E+01 ,       210  1.8920E-01  3.5012E+00  1.7580E+01 -5.2913E-01  2.0518E+01 ,
rx 14   1   0 10  3   2    712448         2         7         200              5.4384E+00  1.5559E+01 -2.3054E-01
  In      2112  7.7404E-01  1.0000E+00
 Out      2112  1.9747E-01  1.0000E+00 ,      2212  5.7762E-01  1.0000E+00
rx 14   1   0 10  3   2    712448         2         8         210              3.5012E+00  1.7580E+01 -5.2913E-01
  In      2112  1.9747E-01  1.0000E+00
 Out      2112  7.9751E-02  1.0000E+00 ,      2212  1.1792E-01  1.0000E+00
rx 14   1   0 10  3   2    712448         2         9         210              3.4253E+00  1.7584E+01 -5.8932E-01
  In      2112  7.9751E-02  1.0000E+00
 Out      2112  8.5019E-03  1.0000E+00 ,      2212  7.1281E-02  1.0000E+00

ne          0         3    812974         2         3 ;       200  2.7672E-01  4.1978E+00  1.6519E+01 -5.6355E-02  5.1900E+00 ,       210  2.3467E+00  4.5702E+00  1.7032E+01  2.4739E-01  5.2804E+00 ,
rx 14   6   6  3  0   2    812974         2         3         200              4.1978E+00  1.6519E+01 -5.6355E-02
  In      2112  3.3570E+01  1.0000E+00
 Out      2112  3.3293E+01  1.0000E+00 ,   6000012  2.7672E-01  1.0000E+00
rx 14   1   0  3  0   2    812974         2         4         210              4.5702E+00  1.7032E+01  2.4739E-01
  In      2112  3.3293E+01  1.0000E+00
 Out      2212  2.3467E+00  1.0000E+00 ,      2112  3.0946E+01  1.0000E+00

ge          0         3    865335        19         1 ;       200  1.3943E-01  4.0821E+00  1.6501E+01  3.1419E-01  4.0378E+04 ,       210  8.8564E-01  4.8846E+00  1.7619E+01 -4.8537E-01  4.0378E+04 ,       220  1.0029E+00  4.8226E+00  1.8200E+01 -1.9137E-01  4.0378E+04 ,
rx 14   0   0 13  0   2    865335        19         1         210              4.8846E+00  1.7619E+01 -4.8537E-01
  In        22  2.2233E+00  1.0000E+00
 Out        22  3.3477E-01  1.0000E+00 ,        11  1.8885E+00  1.0000E+00
rx 14   0   0 13  0   2    865335        19         1         200              4.0821E+00  1.6501E+01  3.1419E-01
  In        22  3.3477E-01  1.0000E+00
 Out        22  1.9533E-01  1.0000E+00 ,        11  1.3943E-01  1.0000E+00

ne          0         3    967013         2         3 ;       230  3.7313E+01  3.4282E+00  1.9910E+01 -2.7123E-01  5.3459E+00 ,       240  3.8306E-01 -2.7430E-01  2.1214E+01  1.5919E-02  9.3468E+00 ,
rx 14   1   0  3  0   2    967013         2         3         230              3.4282E+00  1.9910E+01 -2.7123E-01
  In      2112  3.7821E+01  1.0000E+00
 Out      2212  3.7313E+01  1.0000E+00 ,      2112  5.0622E-01  1.0000E+00
rx 14   1   0 10  3   2    967013         2         4         240             -2.7430E-01  2.1214E+01  1.5919E-02
  In      2112  5.0622E-01  1.0000E+00
 Out      2112  1.2355E-01  1.0000E+00 ,      2212  3.8306E-01  1.0000E+00

ne          0         4    100513         2         4 ;       220  1.8902E-01  7.5596E-01  1.9358E+01  3.7348E-01  1.4763E+01 ,       230  9.8034E-01  4.9190E-01  1.9926E+01  3.1224E-01  1.4492E+01 ,
rx 14   6   6 10  3   2    100513         2         4         230              4.9190E-01  1.9926E+01  3.1224E-01
  In      2112  3.8018E+00  1.0000E+00
 Out      2112  2.8224E+00  1.0000E+00 ,   6000012  9.8034E-01  1.0000E+00
rx 14   6   6 10  3   2    100513         2         5         220              7.5596E-01  1.9358E+01  3.7348E-01
  In      2112  2.8224E+00  1.0000E+00
 Out      2112  2.6335E+00  1.0000E+00 ,   6000012  1.8902E-01  1.0000E+00

ge          0         4    140705        14        75 ;       200  9.8025E-01 -2.8907E+00  1.5400E+01  1.6268E-01  3.9865E+00 ,       210  1.3847E-01 -3.6652E+00  1.7808E+01 -1.9417E-01  4.0681E+00 ,       240  4.0172E-01  1.0158E-01  2.1055E+01 -2.4858E-01  4.2007E+00 ,
rx 14   0   0 13  0   3    140705        17         1         210             -3.6652E+00  1.7808E+01 -1.9417E-01
  In        22  2.9938E-01  1.0000E+00
 Out        22  1.6092E-01  1.0000E+00 ,        11  1.3818E-01  1.0000E+00 ,        11  2.8470E-04  1.0000E+00
rx 14   0   0 13  0   2    140705        21         1         240              1.0158E-01  2.1055E+01 -2.4858E-01
  In        22  6.5762E-01  1.0000E+00
 Out        22  2.5590E-01  1.0000E+00 ,        11  4.0172E-01  1.0000E+00

ne          0         4    152670         2         2 ;       210  6.0434E+00 -1.9582E+00  1.6935E+01  3.9761E-02  6.4455E+00 ,       230  8.2514E+00 -1.2383E+00  2.0652E+01 -5.1218E-01  7.4109E+00 ,
rx 14   1   0 10  3   2    152670         2         2         210             -1.9582E+00  1.6935E+01  3.9761E-02
  In      2112  1.4374E+01  1.0000E+00
 Out      2112  8.3198E+00  1.0000E+00 ,      2212  6.0434E+00  1.0000E+00
rx 14   1   0 10  3   2    152670         2         3         230             -1.2383E+00  2.0652E+01 -5.1218E-01
  In      2112  8.3198E+00  1.0000E+00
 Out      2112  4.3115E-02  1.0000E+00 ,      2212  8.2514E+00  1.0000E+00

ge          0         4    434707        10         1 ;       210  8.0735E-02 -2.0554E+00  1.7961E+01 -3.6830E-02  4.8203E+00 ,       220  2.7909E+00 -2.1641E+00  1.8200E+01  8.2486E-02  4.8300E+00 ,       230  2.0522E+00 -3.4296E+00  1.9600E+01  1.1595E-01  4.8976E+00 ,
rx 14   0   0 13  0   2    434707        10         1         210             -2.0554E+00  1.7961E+01 -3.6830E-02
  In        22  6.1573E+00  1.0000E+00
 Out        22  1.2335E+00  1.0000E+00 ,        11  4.9239E+00  1.0000E+00

ne          0         4    591460         5         7 ;       200  1.3283E-01 -8.8469E-02  1.6148E+01 -1.0052E-01  1.6299E+01 ,       210  2.2665E-01  6.3613E-01  1.7144E+01  4.3535E-01  1.7724E+01 ,
rx 14   1   0 10  3   2    591460         5         7         200             -8.8469E-02  1.6148E+01 -1.0052E-01
  In      2112  5.9672E-01  1.0000E+00
 Out      2112  4.6403E-01  1.0000E+00 ,      2212  1.3283E-01  1.0000E+00
rx 14   1   0 10  3   2    591460         5         8         210              6.3613E-01  1.7144E+01  4.3535E-01
  In      2112  4.6403E-01  1.0000E+00
 Out      2112  2.3755E-01  1.0000E+00 ,      2212  2.2665E-01  1.0000E+00

ne          0         4    628256         2         4 ;       200  9.6708E+00 -5.5557E+00  1.6089E+01 -4.3190E-01  5.6843E+00 ,       210  5.7696E+00 -4.9595E+00  1.7270E+01  4.6776E-01  6.1562E+00 ,
rx 14   6   6  4  0   4    628256         2         4         200             -5.5557E+00  1.6089E+01 -4.3190E-01
  In      2112  2.2998E+01  1.0000E+00
 Out      2112  6.0655E+00  1.0000E+00 ,   2000004  3.9033E+00  1.0000E+00 ,   2000004  2.1020E+00  1.0000E+00 ,   2000004  3.6654E+00  1.0000E+00
rx 14   1   0 10  3   2    628256         2         5         210             -4.9595E+00  1.7270E+01  4.6776E-01
  In      2112  6.0655E+00  1.0000E+00
 Out      2112  6.3388E-01  1.0000E+00 ,      2212  5.4233E+00  1.0000E+00
rx 14   1   0 10  3   2    628256         2         6         210             -4.7564E+00  1.7494E+01  2.5227E-01
  In      2112  6.3388E-01  1.0000E+00
 Out      2112  3.1687E-01  1.0000E+00 ,      2212  3.1754E-01  1.0000E+00
rx 14   6   6 10  3   2    628256         2         7         210             -4.1579E+00  1.7533E+01  1.0395E-01
  In      2112  3.1687E-01  1.0000E+00
 Out      2112  2.8806E-01  1.0000E+00 ,   6000012  2.8817E-02  1.0000E+00

ne          0         4    682023         3         3 ;       220  7.4952E+00 -2.0880E+00  1.9246E+01  4.2164E-02  5.7910E+00 ,       230  9.5230E+00 -1.8641E+00  1.9600E+01  1.8073E-01  5.8882E+00 ,
rx 14   1   0  3  0   2    682023         3         3         220             -2.0880E+00  1.9246E+01  4.2164E-02
  In      2112  2.6355E+01  1.0000E+00
 Out      2212  1.7018E+01  1.0000E+00 ,      2112  9.3367E+00  1.0000E+00

ne          0         4    689941         3         3 ;       220  1.3080E+00 -3.5570E-01  1.9150E+01 -5.5144E-01  7.4182E+00 ,       230  3.4028E+00 -1.9462E-01  2.0746E+01 -2.9762E-01  7.8103E+00 ,
rx 14   1   0 10  3   2    689941         3         3         220             -3.5570E-01  1.9150E+01 -5.5144E-01
  In      2112  1.0408E+01  1.0000E+00
 Out      2112  9.1007E+00  1.0000E+00 ,      2212  1.3080E+00  1.0000E+00
rx 13   6   6 10  6   2    689941         3         4         230             -1.9462E-01  2.0746E+01 -2.9762E-01
  In      2112  9.1007E+00  1.0000E+00
 Out   2000004  9.2000E-01  1.0000E+00 ,   4000009  2.4828E+00  1.0000E+00

ne          0         4    749712         2         6 ;       210  1.5167E-01  2.2656E+00  1.7251E+01  4.7294E-01  1.2491E+01 ,       220  8.2670E-01  1.8941E+00  1.8752E+01  4.4888E-01  1.3419E+01 ,
rx 14   1   0 10  3   2    749712         2         6         210              2.2656E+00  1.7251E+01  4.7294E-01
  In      2112  1.6025E+00  1.0000E+00
 Out      2112  1.4511E+00  1.0000E+00 ,      2212  1.5167E-01  1.0000E+00
rx 14   1   0 10  3   2    749712         2         7         220              1.8941E+00  1.8752E+01  4.4888E-01
  In      2112  1.4511E+00  1.0000E+00
 Out      2112  1.3602E+00  1.0000E+00 ,      2212  9.1040E-02  1.0000E+00
rx 14   1   0 10  3   2    749712         2         8         220              1.8789E+00  1.8787E+01  4.5584E-01
  In      2112  1.3602E+00  1.0000E+00
 Out      2112  6.2540E-01  1.0000E+00 ,      2212  7.3566E-01  1.0000E+00

ne          0         4    811397         3         3 ;       200  1.0354E-01 -1.8677E+00  1.6155E+01 -2.1456E-01  6.8556E+00 ,       220  3.7115E+00 -1.9073E+00  1.8244E+01 -5.5632E-02  7.5878E+00 ,
rx 14   6   6 10  3   2    811397         3         3         200             -1.8677E+00  1.6155E+01 -2.1456E-01
  In      2112  4.4139E+00  1.0000E+00
 Out      2112  4.3105E+00  1.0000E+00 ,   6000012  1.0354E-01  1.0000E+00
rx 14   8   8 10  3   2    811397         3         4         210             -1.9151E+00  1.7495E+01 -1.0905E-01
  In      2112  4.3105E+00  1.0000E+00
 Out      2112  4.3099E+00  1.0000E+00 ,   8000016  5.8018E-04  1.0000E+00
rx 14   1   0 10  3   2    811397         3         5         220             -1.9073E+00  1.8244E+01 -5.5632E-02
  In      2112  4.3099E+00  1.0000E+00
 Out      2112  5.9610E-01  1.0000E+00 ,      2212  3.7115E+00  1.0000E+00

ne          0         4    881865         3         3 ;       200  1.6390E-01 -3.4521E-01  1.5892E+01 -9.1747E-02  6.2287E+00 ,       220  3.1870E-01  7.0718E-01  1.8896E+01  3.5432E-01  7.2494E+00 ,
rx 14   6   6 10  3   2    881865         3         3         200             -3.4521E-01  1.5892E+01 -9.1747E-02
  In      2112  5.3899E+00  1.0000E+00
 Out      2112  5.2263E+00  1.0000E+00 ,   6000012  1.6390E-01  1.0000E+00
rx 14   6   6 10  3   2    881865         3         4         220              7.0718E-01  1.8896E+01  3.5432E-01
  In      2112  5.2263E+00  1.0000E+00
 Out      2112  4.9080E+00  1.0000E+00 ,   6000012  3.1870E-01  1.0000E+00

ne          0         5     46871         5         2 ;       230  1.0454E+00  1.9727E+00  2.0629E+01  3.4196E-01  8.5730E+00 ,       240  1.8118E+00  2.3391E+00  2.1739E+01  4.7398E-01  8.8980E+00 ,
rx 14   1   0 10  3   2     46871         5         2         230              1.9727E+00  2.0629E+01  3.4196E-01
  In      2112  7.9663E+00  1.0000E+00
 Out      2112  6.9215E+00  1.0000E+00 ,      2212  1.0454E+00  1.0000E+00
rx 14   6   6 10  3   2     46871         5         3         240              2.3391E+00  2.1739E+01  4.7398E-01
  In      2112  6.9215E+00  1.0000E+00
 Out      2112  5.1124E+00  1.0000E+00 ,   6000012  1.8118E+00  1.0000E+00

ne          0         5    111453         3         3 ;       210  2.9917E-01  3.0024E+00  1.6905E+01 -5.5398E-01  5.5249E+00 ,       230  3.3819E-01  3.5561E+00  2.0470E+01  2.4242E-01  6.0600E+00 ,
rx 14   6   6  3  0   2    111453         3         3         210              3.0024E+00  1.6905E+01 -5.5398E-01
  In      2112  2.6301E+01  1.0000E+00
 Out      2112  2.6027E+01  1.0000E+00 ,   6000012  2.7476E-01  1.0000E+00
rx 14   6   6  3  0   2    111453         3         4         210              3.1533E+00  1.7815E+01 -4.2498E-01
  In      2112  2.6027E+01  1.0000E+00
 Out      2112  2.6002E+01  1.0000E+00 ,   6000012  2.4406E-02  1.0000E+00
rx 14   8   8  3  0   2    111453         3         5         230              3.5561E+00  2.0470E+01  2.4242E-01
  In      2112  2.6002E+01  1.0000E+00
 Out      2112  2.5664E+01  1.0000E+00 ,   8000016  3.3819E-01  1.0000E+00

ne          0         5    148412         2         5 ;       210  2.8453E+00 -4.5438E+00  1.7322E+01 -1.6829E-01  8.2424E+00 ,       220  1.9346E+00 -4.0550E+00  1.8377E+01 -2.4353E-01  8.8333E+00 ,
rx 14   1   0 10  3   2    148412         2         5         210             -4.5438E+00  1.7322E+01 -1.6829E-01
  In      2112  4.8853E+00  1.0000E+00
 Out      2112  2.0389E+00  1.0000E+00 ,      2212  2.8453E+00  1.0000E+00
rx 14   1   0 10  3   2    148412         2         6         220             -4.0550E+00  1.8377E+01 -2.4353E-01
  In      2112  2.0389E+00  1.0000E+00
 Out      2112  1.0483E-01  1.0000E+00 ,      2212  1.9346E+00  1.0000E+00

ne          0         5    195052         3         6 ;       200  3.0856E-01 -3.6907E+00  1.6584E+01 -1.1830E-01  1.8622E+01 ,       210  2.7355E-01 -3.8676E+00  1.7255E+01 -3.1417E-01  1.9865E+01 ,
rx 14   1   0 10  3   2    195052         3         6         200             -3.6907E+00  1.6584E+01 -1.1830E-01
  In      2112  6.8749E-01  1.0000E+00
 Out      2112  3.7902E-01  1.0000E+00 ,      2212  3.0856E-01  1.0000E+00
rx 14   1   0 10  3   2    195052         3         7         210             -3.7164E+00  1.7038E+01 -3.9892E-01
  In      2112  3.7902E-01  1.0000E+00
 Out      2112  1.0659E-01  1.0000E+00 ,      2212  2.7270E-01  1.0000E+00
rx 14   6   6 10  3   2    195052         3         8         210             -3.8676E+00  1.7255E+01 -3.1417E-01
  In      2112  1.0659E-01  1.0000E+00
 Out      2112  1.0574E-01  1.0000E+00 ,   6000012  8.5645E-04  1.0000E+00
rx 14   1   0 10  3   2    195052         3         9         220             -5.6161E+00  1.8587E+01  2.0426E-01
  In      2112  1.0574E-01  1.0000E+00
 Out      2112  9.8123E-02  1.0000E+00 ,      2212  7.6011E-03  1.0000E+00

ne          0         5    311334         2         3 ;       210  2.5209E-01  9.8313E-01  1.7454E+01  4.3906E-01  5.8395E+00 ,       240  1.2874E+00 -8.2970E-01  2.1716E+01  1.8227E-01  6.6981E+00 ,
rx 14   1   0 10  3   2    311334         2         3         210              9.8313E-01  1.7454E+01  4.3906E-01
  In      2112  1.5898E+01  1.0000E+00
 Out      2112  1.5646E+01  1.0000E+00 ,      2212  2.5209E-01  1.0000E+00
rx 14   6   6 10  3   2    311334         2         4         240             -8.2970E-01  2.1716E+01  1.8227E-01
  In      2112  1.5646E+01  1.0000E+00
 Out      2112  1.4363E+01  1.0000E+00 ,   6000012  1.2874E+00  1.0000E+00

ge          0         5    445559         7         1 ;       200  8.2417E-01 -1.9267E+00  1.6218E+01 -2.3619E-01  4.5705E+00 ,       210  3.0475E+00 -2.1981E+00  1.6800E+01 -8.8507E-02  4.5927E+00 ,       220  4.4780E-01 -2.9416E+00  1.8200E+01  4.8445E-01  4.6497E+00 ,
rx 14   0   0 13  0   2    445559         7         1         200             -1.9267E+00  1.6218E+01 -2.3619E-01
  In        22  9.7286E+00  1.0000E+00
 Out        22  4.4044E-01  1.0000E+00 ,        11  9.2881E+00  1.0000E+00
rx 13   0   0 13  0   2    445559        33         1         220             -2.9745E+00  1.8249E+01  5.0753E-01
  In        22  1.7390E-03  1.0000E+00
 Out        11  1.4552E-03  1.0000E+00 ,        11  2.8380E-04  1.0000E+00

ne          0         5    450279         2         4 ;       220  1.3123E+00  1.9668E+00  1.8403E+01 -9.4672E-02  9.1611E+00 ,       230  1.7220E+00  2.1997E+00  2.0309E+01  1.5525E-01  1.0175E+01 ,
rx 14   1   0 10  3   2    450279         2         4         220              1.9668E+00  1.8403E+01 -9.4672E-02
  In      2112  3.2220E+00  1.0000E+00
 Out      2112  1.9107E+00  1.0000E+00 ,      2212  1.3123E+00  1.0000E+00
rx 14   1   0 10  3   2    450279         2         5         230              2.1997E+00  2.0309E+01  1.5525E-01
  In      2112  1.9107E+00  1.0000E+00
 Out      2112  8.4206E-01  1.0000E+00 ,      2212  1.0694E+00  1.0000E+00
rx 14   1   0 10  3   2    450279         2         6         230              2.0579E+00  2.0553E+01  4.2142E-01
  In      2112  8.4206E-01  1.0000E+00
 Out      2112  1.9018E-01  1.0000E+00 ,      2212  6.5259E-01  1.0000E+00

ne          0         5    475894         2         4 ;       220  1.3439E+01 -5.3323E+00  1.8835E+01 -5.9353E-02  4.8410E+00 ,       230  2.0781E+01 -5.4265E+00  1.9600E+01  1.9491E-01  4.9600E+00 ,
rx 14   6   6  4  0   4    475894         2         4         220             -5.3323E+00  1.8835E+01 -5.9353E-02
  In      2112  5.7685E+01  1.0000E+00
 Out      2212  3.3668E+01  1.0000E+00 ,      2112  3.8746E+00  1.0000E+00 ,   5000011  5.5277E-01  1.0000E+00 ,        22  3.6375E+00  1.0000E+00

ne          0         5    580829         3         2 ;       200  1.9968E+01 -4.1673E+00  1.6255E+01 -2.5364E-01  5.8855E+00 ,       210  2.2543E-01 -5.3006E+00  1.6832E+01  9.8844E-03  7.6421E+00 ,
rx 14   1   0  3  0   2    580829         3         2         200             -4.1673E+00  1.6255E+01 -2.5364E-01
  In      2112  2.0234E+01  1.0000E+00
 Out      2212  1.9493E+01  1.0000E+00 ,      2112  7.3654E-01  1.0000E+00
rx 14   1   0 10  3   2    580829         3         3         200             -4.5534E+00  1.6432E+01 -4.4980E-01
  In      2112  7.3654E-01  1.0000E+00
 Out      2112  2.6193E-01  1.0000E+00 ,      2212  4.7509E-01  1.0000E+00
rx 14   1   0 10  3   2    580829         3         4         210             -5.3006E+00  1.6832E+01  9.8844E-03
  In      2112  2.6193E-01  1.0000E+00
 Out      2112  3.6792E-02  1.0000E+00 ,      2212  2.2543E-01  1.0000E+00

ne          0         5    584544         3         2 ;       200  2.2099E-01  7.7397E-01  1.6051E+01 -1.4052E-02  3.8478E+01 ,       210  1.0927E+01 -6.3946E+00  1.7657E+01 -3.5868E-01  7.2992E+00 ,
rx 14   1   0 10  3   2    584544         3         2         210             -6.3946E+00  1.7657E+01 -3.5868E-01
  In      2112  1.1227E+01  1.0000E+00
 Out      2112  2.5145E-01  1.0000E+00 ,      2212  1.0927E+01  1.0000E+00
rx 14   1   0 10  3   2    584544         4        11         200              7.7397E-01  1.6051E+01 -1.4052E-02
  In      2112  2.7726E-01  1.0000E+00
 Out      2112  6.1549E-02  1.0000E+00 ,      2212  2.1598E-01  1.0000E+00
rx 14   1   0 10  3   2    584544         4        12         200              6.1026E-01  1.5935E+01  2.3172E-01
  In      2112  6.1549E-02  1.0000E+00
 Out      2112  5.6527E-02  1.0000E+00 ,      2212  5.0145E-03  1.0000E+00

ne          0         5    697580         2         4 ;       200  9.0915E+00  4.5456E+00  1.6298E+01 -5.8856E-01  5.6587E+00 ,       210  2.8649E+00  6.0421E+00  1.6932E+01  5.0561E-01  6.2194E+00 ,
rx 14   6   6  4  0   4    697580         2         4         200              4.5456E+00  1.6298E+01 -5.8856E-01
  In      2112  2.2804E+01  1.0000E+00
 Out      2112  6.4486E+00  1.0000E+00 ,   2000004  4.9532E+00  1.0000E+00 ,   2000004  3.7775E+00  1.0000E+00 ,   2000004  3.6084E-01  1.0000E+00
rx 14   1   0 10  3   2    697580         2         5         210              6.0421E+00  1.6932E+01  5.0561E-01
  In      2112  6.4486E+00  1.0000E+00
 Out      2112  3.5835E+00  1.0000E+00 ,      2212  2.8649E+00  1.0000E+00

ge          0         5    710165         7         1 ;       210  6.1485E-01 -3.8686E-01  1.7699E+01  1.9070E-01  3.8612E+00 ,       220  2.5964E+00 -3.9030E-01  1.8200E+01  1.7589E-01  3.8780E+00 ,       230  6.7721E-01  4.2568E-01  1.9600E+01  4.2520E-01  3.9357E+00 ,
rx 14   0   0 13  0   2    710165         7         1         210             -3.8686E-01  1.7699E+01  1.9070E-01
  In        22  7.3979E+00  1.0000E+00
 Out        22  7.9884E-01  1.0000E+00 ,        11  6.5991E+00  1.0000E+00
rx 14   0   0 13  0   2    710165        15         1         230              1.0052E+00  1.9983E+01  5.8608E-01
  In        22  4.3574E-02  1.0000E+00
 Out        22  4.1078E-02  1.0000E+00 ,        11  2.4965E-03  1.0000E+00

ne          0         5    782407         2         2 ;       230  1.4665E+01 -5.4607E+00  2.0051E+01 -1.1341E-02  5.5335E+00 ,       240  5.3572E-01 -4.8471E+00  2.1290E+01 -4.6351E-01  6.9104E+00 ,
rx 14   6   6  4  0   3    782407         2         2         230             -5.4607E+00  2.0051E+01 -1.1341E-02
  In      2112  3.5101E+01  1.0000E+00
 Out      2112  3.1240E+01  1.0000E+00 ,   6000012  5.4128E-01  1.0000E+00 ,        22  3.3199E+00  1.0000E+00
rx 14   1   0  3  0   2    782407         2         3         230             -5.4669E+00  2.0200E+01  1.6732E-01
  In      2112  3.1240E+01  1.0000E+00
 Out      2212  3.0670E+01  1.0000E+00 ,      2112  5.6892E-01  1.0000E+00
rx 14   1   0 10  3   2    782407         2         4         240             -4.8471E+00  2.1290E+01 -4.6351E-01
  In      2112  5.6892E-01  1.0000E+00
 Out      2112  5.6223E-02  1.0000E+00 ,      2212  5.1326E-01  1.0000E+00
rx 14   1   0 10  3   2    782407         2         5         240             -4.8502E+00  2.1400E+01 -3.7500E-01
  In      2112  5.6223E-02  1.0000E+00
 Out      2112  3.3838E-02  1.0000E+00 ,      2212  2.2453E-02  1.0000E+00
rx 14   0   0 13  0   2    782407         7         1         230             -6.1772E+00  2.0101E+01 -4.7932E-01
  In        22  3.3199E+00  1.0000E+00
 Out        22  2.7142E-01  1.0000E+00 ,        11  3.0484E+00  1.0000E+00

ne          0         5    960430         3         2 ;       230  3.2442E+00  1.4169E+00  2.0592E+01  2.2886E-01  5.6574E+00 ,       240  2.5806E-01  1.2837E+00  2.1102E+01  1.6089E-01  5.6751E+00 ,
rx 14   6   6  3  0   2    960430         3         2         220              1.2984E+00  1.9071E+01 -3.3783E-01
  In      2112  3.3404E+01  1.0000E+00
 Out      2112  3.3404E+01  1.0000E+00 ,   6000012  5.7991E-04  1.0000E+00
rx 14   8   8  4  0   5    960430         3         3         230              1.4169E+00  2.0592E+01  2.2886E-01
  In      2112  3.3404E+01  1.0000E+00
 Out      2112  1.2769E+01  1.0000E+00 ,      2212  2.6174E+00  1.0000E+00 ,   7000015  6.2683E-01  1.0000E+00 ,        22  3.0952E-02  1.0000E+00 ,        22  5.2319E+00  1.0000E+00
rx 14   6   6 10  3   2    960430         3         4         240              2.5365E+00  2.1529E+01  2.0305E-01
  In      2112  1.2769E+01  1.0000E+00
 Out      2112  1.2512E+01  1.0000E+00 ,   6000012  2.5806E-01  1.0000E+00
rx 14   0   0 13  0   2    960430         9         1         240              1.2837E+00  2.1102E+01  1.6089E-01
  In        22  3.0952E-02  1.0000E+00
 Out        22  2.9691E-02  1.0000E+00 ,        11  1.2618E-03  1.0000E+00

ne          0         6      4871         2         5 ;       200  3.5316E-01  3.8308E-01  1.5931E+01 -1.9346E-02  1.1459E+01 ,       210  2.5425E-01  1.1357E+00  1.7618E+01  8.7419E-03  1.2680E+01 ,
rx 14   1   0 10  3   2      4871         2         5         200              3.8308E-01  1.5931E+01 -1.9346E-02
  In      2112  1.5515E+00  1.0000E+00
 Out      2112  1.1988E+00  1.0000E+00 ,      2212  3.5316E-01  1.0000E+00
rx 14   6   6 10  3   2      4871         2         6         210              1.1357E+00  1.7618E+01  8.7419E-03
  In      2112  1.1988E+00  1.0000E+00
 Out      2112  1.1093E+00  1.0000E+00 ,   6000012  8.9462E-02  1.0000E+00
rx 14   6   6 10  3   2      4871         2         7         210              1.0380E+00  1.7769E+01  3.8594E-02
  In      2112  1.1093E+00  1.0000E+00
 Out      2112  9.4464E-01  1.0000E+00 ,   6000012  1.6479E-01  1.0000E+00
rx 14  14  14 10  3   2      4871         2         8         220              1.8729E+00  1.8422E+01 -2.2136E-01
  In      2112  9.4464E-01  1.0000E+00
 Out      2112  9.1768E-01  1.0000E+00 ,  14000028  2.6980E-02  1.0000E+00

ne          0         6     38230         2         2 ;       210  1.1304E+01 -5.1383E-02  1.7988E+01  3.3943E-01  4.6689E+00 ,       220  1.6591E+01 -3.6409E-02  1.8200E+01  3.1503E-01  4.7073E+00 ,
rx 13   6   6  4  0   4     38230         2         2         210             -5.1383E-02  1.7988E+01  3.3943E-01
  In      2112  5.7059E+01  1.0000E+00
 Out      2212  1.7011E+01  1.0000E+00 ,   1000002  5.0571E+00  1.0000E+00 ,   4000010  5.8273E+00  1.0000E+00 ,        22  4.2237E+00  1.0000E+00

ne          0         6     70913         2         6 ;       200  6.4211E-01 -3.0901E+00  1.6365E+01  3.4994E-01  1.3874E+01 ,       210  1.5397E-01 -1.7585E+00  1.6974E+01  1.5901E-02  1.6623E+01 ,
rx 14   1   0 10  3   2     70913         2         6         200             -3.0901E+00  1.6365E+01  3.4994E-01
  In      2112  7.9747E-01  1.0000E+00
 Out      2112  1.5602E-01  1.0000E+00 ,      2212  6.4211E-01  1.0000E+00
rx 14   1   0 10  3   2     70913         2         7         210             -1.7585E+00  1.6974E+01  1.5901E-02
  In      2112  1.5602E-01  1.0000E+00
 Out      2112  2.2390E-03  1.0000E+00 ,      2212  1.5397E-01  1.0000E+00

ne          0         6     99725         2         9 ;       200  1.3283E-01 -3.1884E+00  1.6035E+01  2.8599E-01  1.0693E+01 ,       210  8.8501E-01 -6.5320E-01  1.7580E+01 -4.7008E-01  1.2517E+01 ,
rx 14   1   0 10  3   2     99725         2         9         200             -3.1884E+00  1.6035E+01  2.8599E-01
  In      2112  1.6109E+00  1.0000E+00
 Out      2112  1.4784E+00  1.0000E+00 ,      2212  1.3283E-01  1.0000E+00
rx 14   1   0 10  3   2     99725         2        10         210             -6.5320E-01  1.7580E+01 -4.7008E-01
  In      2112  1.4784E+00  1.0000E+00
 Out      2112  5.9443E-01  1.0000E+00 ,      2212  8.8501E-01  1.0000E+00

ne          0         6    175684         3         3 ;       200  2.7342E-01 -4.3977E+00  1.6595E+01 -5.9401E-01  6.2551E+00 ,       210  1.3660E+01 -4.4050E+00  1.6800E+01 -5.6032E-01  6.2961E+00 ,
rx 14   1   0 10  3   2    175684         3         3         200             -4.3977E+00  1.6595E+01 -5.9401E-01
  In      2112  1.5881E+01  1.0000E+00
 Out      2112  1.9491E+00  1.0000E+00 ,      2212  1.3849E+01  1.0000E+00
rx 14   6   6 10  3   2    175684         3         4         200             -5.1573E+00  1.6381E+01  5.4050E-01
  In      2112  1.9491E+00  1.0000E+00
 Out      2112  1.8649E+00  1.0000E+00 ,   6000012  8.4360E-02  1.0000E+00

ne          0         6    375187         4         5 ;       200  5.7551E+00 -2.3394E-01  1.5988E+01  3.9258E-01  5.0991E+00 ,       210  1.1821E+01 -9.1497E-02  1.6848E+01  4.4686E-01  5.2191E+00 ,
rx 14   1   0  3  0   2    375187         4         5         200             -2.3394E-01  1.5988E+01  3.9258E-01
  In      2112  3.4751E+01  1.0000E+00
 Out      2212  5.7551E+00  1.0000E+00 ,      2112  2.8996E+01  1.0000E+00
rx 14   8   8  3  0   2    375187         4         6         210             -9.1497E-02  1.6848E+01  4.4686E-01
  In      2112  2.8996E+01  1.0000E+00
 Out      2112  2.8953E+01  1.0000E+00 ,   8000016  4.3375E-02  1.0000E+00
rx 14   6   6  4  0   4    375187         4         7         210             -8.4491E-02  1.6872E+01  4.5080E-01
  In      2112  2.8953E+01  1.0000E+00
 Out      2112  9.9177E+00  1.0000E+00 ,   2000004  2.4690E+00  1.0000E+00 ,   2000004  7.6812E+00  1.0000E+00 ,   2000004  1.6271E+00  1.0000E+00

ge          0         6    404958         6         1 ;       210  5.9037E-01 -4.0775E+00  1.7759E+01 -3.2500E-01  3.5911E+00 ,       220  3.0452E+00 -4.3639E+00  1.8200E+01 -1.8509E-01  3.6097E+00 ,       230  1.0719E+00 -5.2154E+00  1.9600E+01 -4.1966E-03  3.6693E+00 ,
rx 14   0   0 13  0   3    404958         6         1         210             -4.0775E+00  1.7759E+01 -3.2500E-01
  In        22  5.2570E+00  1.0000E+00
 Out        22  5.4947E-01  1.0000E+00 ,        11  4.7072E+00  1.0000E+00 ,        11  2.8470E-04  1.0000E+00
rx 13   0   0 13  0   2    404958        28         1         220             -4.7599E+00  1.9010E+01 -1.4418E-01
  In        22  1.7227E-03  1.0000E+00
 Out        11  1.4389E-03  1.0000E+00 ,        11  2.8380E-04  1.0000E+00

ne          0         6    455887         2         6 ;       200  1.6528E+00  6.3672E+00  1.6314E+01  3.4470E-02  8.5163E+00 ,       210  1.1826E-01  6.8378E+00  1.7219E+01  9.5907E-02  1.0832E+01 ,
rx 14   1   0 10  3   2    455887         2         6         200              6.3672E+00  1.6314E+01  3.4470E-02
  In      2112  1.7886E+00  1.0000E+00
 Out      2112  1.5084E-01  1.0000E+00 ,      2212  1.6382E+00  1.0000E+00
rx 14   6   6 10  3   2    455887         2         7         200              6.7742E+00  1.6472E+01 -3.7507E-02
  In      2112  1.5084E-01  1.0000E+00
 Out      2112  1.3628E-01  1.0000E+00 ,   6000012  1.4567E-02  1.0000E+00
rx 14   1   0 10  3   2    455887         2         8         210              6.8378E+00  1.7219E+01  9.5907E-02
  In      2112  1.3628E-01  1.0000E+00
 Out      2112  1.8034E-02  1.0000E+00 ,      2212  1.1826E-01  1.0000E+00

ne          0         6    612440         2         3 ;       210  1.7535E-01  2.2142E+00  1.7928E+01  5.9917E-01  7.7343E+00 ,       220  2.9391E+00  4.3233E+00  1.8901E+01  2.1269E-01  7.1711E+00 ,
rx 14   6   6 10  3   2    612440         2         3         220              4.3233E+00  1.8901E+01  2.1269E-01
  In      2112  1.2206E+01  1.0000E+00
 Out      2112  9.2744E+00  1.0000E+00 ,   6000012  2.9391E+00  1.0000E+00
rx 14   7   7 10  3   2    612440         2         4         210              2.2142E+00  1.7928E+01  5.9917E-01
  In      2112  9.2744E+00  1.0000E+00
 Out      2112  9.0995E+00  1.0000E+00 ,   7000014  1.7535E-01  1.0000E+00

ne          0         6    637634         2         3 ;       200  2.1449E-01 -4.4473E+00  1.5570E+01 -4.4300E-01  6.3098E+00 ,       210  1.4737E+00 -5.2817E+00  1.6907E+01 -1.8370E-01  6.6156E+00 ,
rx 14   6   6 10  3   2    637634         2         3         200             -4.4473E+00  1.5570E+01 -4.4300E-01
  In      2112  1.4805E+01  1.0000E+00
 Out      2112  1.4591E+01  1.0000E+00 ,   6000012  2.1449E-01  1.0000E+00
rx 14   6   6 10  0   3    637634         2         4         210             -5.2817E+00  1.6907E+01 -1.8370E-01
  In      2112  1.4591E+01  1.0000E+00
 Out      2112  3.5600E+00  1.0000E+00 ,   6000012  1.4089E+00  1.0000E+00 ,        22  9.6163E+00  1.0000E+00
rx 14   6   6 10  3   2    637634         2         5         210             -5.2370E+00  1.6934E+01 -1.2959E-01
  In      2112  3.5600E+00  1.0000E+00
 Out      2112  3.4952E+00  1.0000E+00 ,   6000012  6.4866E-02  1.0000E+00

ne          0         6    665264         7         7 ;       230  1.1995E-01 -5.9622E+00  1.9771E+01 -5.0380E-01  2.5838E+01 ,       240  1.1239E-01 -6.2486E+00  2.1125E+01 -2.5095E-01  2.8007E+01 ,
rx 14   1   0 10  3   2    665264         7         7         230             -5.9622E+00  1.9771E+01 -5.0380E-01
  In      2112  3.3972E-01  1.0000E+00
 Out      2112  2.1988E-01  1.0000E+00 ,      2212  1.1995E-01  1.0000E+00
rx 14   1   0 10  3   2    665264         7         8         240             -6.2486E+00  2.1125E+01 -2.5095E-01
  In      2112  2.1988E-01  1.0000E+00
 Out      2112  1.0760E-01  1.0000E+00 ,      2212  1.1239E-01  1.0000E+00

ne          0         6    718514         2         2 ;       230  1.6358E+01  6.1377E-01  2.0588E+01 -3.6834E-01  5.8333E+00 ,       240  1.5389E-01 -5.1914E-01  2.1977E+01  4.8191E-01  6.5273E+00 ,
rx 14   6   6  4  0   4    718514         2         2         230              6.1377E-01  2.0588E+01 -3.6834E-01
  In      2112  2.7908E+01  1.0000E+00
 Out      2112  4.3003E+00  1.0000E+00 ,   2000004  2.9263E+00  1.0000E+00 ,   2000004  2.2464E+00  1.0000E+00 ,   2000004  1.1186E+01  1.0000E+00
rx 14   6   6 10  3   2    718514         2         3         240             -5.1914E-01  2.1977E+01  4.8191E-01
  In      2112  4.3003E+00  1.0000E+00
 Out      2112  4.1466E+00  1.0000E+00 ,   6000012  1.5389E-01  1.0000E+00

ne          0         6    873782         2         3 ;       230  1.9859E-01 -6.9439E+00  2.0789E+01  5.0909E-01  5.0374E+00 ,       240  2.6582E+01 -6.9375E+00  2.1000E+01  4.5129E-01  5.0629E+00 ,
rx 14   1   0  3  0   2    873782         2         3         230             -6.9439E+00  2.0789E+01  5.0909E-01
  In      2112  6.5002E+01  1.0000E+00
 Out      2212  4.1155E+01  1.0000E+00 ,      2112  2.3845E+01  1.0000E+00

ne          0         6    893802         2         5 ;       200  7.1334E-01  2.3508E+00  1.6061E+01 -1.1658E-01  9.6476E+00 ,       210  2.8177E-01  3.7654E+00  1.7432E+01  1.2371E-01  1.0632E+01 ,       220  3.6246E-01  4.7838E+00  1.8269E+01 -2.0120E-01  1.1355E+01 ,
rx 14   1   0 10  3   2    893802         2         5         200              2.3508E+00  1.6061E+01 -1.1658E-01
  In      2112  2.8447E+00  1.0000E+00
 Out      2112  2.1321E+00  1.0000E+00 ,      2212  7.1334E-01  1.0000E+00
rx 14   1   0 10  3   2    893802         2         6         210              3.7654E+00  1.7432E+01  1.2371E-01
  In      2112  2.1321E+00  1.0000E+00
 Out      2112  1.8508E+00  1.0000E+00 ,      2212  2.8177E-01  1.0000E+00
rx 14   1   0 10  3   2    893802         2         7         220              4.7838E+00  1.8269E+01 -2.0120E-01
  In      2112  1.8508E+00  1.0000E+00
 Out      2112  1.4886E+00  1.0000E+00 ,      2212  3.6246E-01  1.0000E+00

ne          0         6    939880         2         3 ;       200  1.4586E+00 -2.4256E+00  1.6190E+01  3.2482E-02  9.4670E+00 ,       210  6.6182E-01 -2.5055E+00  1.7424E+01 -1.3286E-01  1.0035E+01 ,       230  5.4021E-01 -4.5865E+00  2.0791E+01  2.2673E-01  1.2140E+01 ,
rx 14   1   0 10  3   2    939880         2         3         200             -2.4256E+00  1.6190E+01  3.2482E-02
  In      2112  3.9883E+00  1.0000E+00
 Out      2112  2.5306E+00  1.0000E+00 ,      2212  1.4586E+00  1.0000E+00
rx 14   1   0 10  3   2    939880         2         4         210             -2.5055E+00  1.7424E+01 -1.3286E-01
  In      2112  2.5306E+00  1.0000E+00
 Out      2112  1.8695E+00  1.0000E+00 ,      2212  6.6182E-01  1.0000E+00
rx 14   1   0 10  3   2    939880         2         5         230             -4.5865E+00  2.0791E+01  2.2673E-01
  In      2112  1.8695E+00  1.0000E+00
 Out      2112  1.3298E+00  1.0000E+00 ,      2212  5.4021E-01  1.0000E+00

ne          0         6    973188         3         2 ;       200  3.8111E+00  3.0739E+00  1.6118E+01 -9.4887E-02  6.1928E+00 ,       210  2.6358E+00  2.8713E+00  1.6878E+01  4.1225E-01  6.3893E+00 ,
rx 14   1   0 10  3   2    973188         3         2         200              3.0739E+00  1.6118E+01 -9.4887E-02
  In      2112  1.5910E+01  1.0000E+00
 Out      2112  1.2097E+01  1.0000E+00 ,      2212  3.8111E+00  1.0000E+00
rx 14   6   6 10  3   2    973188         3         3         210              2.8713E+00  1.6878E+01  4.1225E-01
  In      2112  1.2097E+01  1.0000E+00
 Out      2112  9.4674E+00  1.0000E+00 ,   6000012  2.6358E+00  1.0000E+00

ne          0         7     78348         2         3 ;       230  1.1044E-01  3.7058E+00  1.9849E+01 -3.2374E-01  7.8806E+00 ,       240  2.3625E+00  1.1009E+00  2.1965E+01  4.2047E-01  9.0908E+00 ,
rx 14   6   6 10  3   2     78348         2         3         230              3.7058E+00  1.9849E+01 -3.2374E-01
  In      2112  4.3565E+00  1.0000E+00
 Out      2112  4.2462E+00  1.0000E+00 ,   6000012  1.1044E-01  1.0000E+00
rx 14   1   0 10  3   2     78348         2         4         240              1.1009E+00  2.1965E+01  4.2047E-01
  In      2112  4.2462E+00  1.0000E+00
 Out      2112  1.8840E+00  1.0000E+00 ,      2212  2.3625E+00  1.0000E+00

ne          0         7    133411         2         3 ;       220  5.5727E+00  1.5902E+00  1.8717E+01  6.3191E-02  6.4995E+00 ,       230  1.0340E+01  1.6719E+00  1.9600E+01 -5.1293E-02  6.6713E+00 ,
rx 14   1   0 10  3   2    133411         2         3         220              1.5902E+00  1.8717E+01  6.3191E-02
  In      2112  1.8888E+01  1.0000E+00
 Out      2112  1.8372E+01  1.0000E+00 ,      2212  5.1787E-01  1.0000E+00
rx 14   1   0 10  3   2    133411         2         4         220              1.5582E+00  1.9282E+01 -2.7568E-02
  In      2112  1.8372E+01  1.0000E+00
 Out      2112  2.8744E+00  1.0000E+00 ,      2212  1.5394E+01  1.0000E+00

ne          0         7    215496         3         3 ;       200  1.9430E+00  3.0497E+00  1.6087E+01  2.8946E-02  9.0600E+00 ,       210  1.0678E+00  2.8663E+00  1.7649E+01 -4.3449E-01  9.9195E+00 ,
rx 14   1   0 10  3   2    215496         3         3         200              3.0497E+00  1.6087E+01  2.8946E-02
  In      2112  3.4081E+00  1.0000E+00
 Out      2112  1.9099E+00  1.0000E+00 ,      2212  1.4995E+00  1.0000E+00
rx 14   1   0 10  3   2    215496         3         4         210              2.8663E+00  1.7649E+01 -4.3449E-01
  In      2112  1.9099E+00  1.0000E+00
 Out      2112  1.1377E+00  1.0000E+00 ,      2212  7.7300E-01  1.0000E+00
rx 14   6   6 10  3   2    215496         3         5         210              3.1053E+00  1.7994E+01 -5.7681E-01
  In      2112  1.1377E+00  1.0000E+00
 Out      2112  8.4310E-01  1.0000E+00 ,   6000012  2.9479E-01  1.0000E+00
rx 14   1   0 10  3   2    215496         3         6         200             -2.8252E+00  1.6294E+01  5.2432E-01
  In      2112  8.4310E-01  1.0000E+00
 Out      2112  4.0031E-01  1.0000E+00 ,      2212  4.4351E-01  1.0000E+00

ne          0         7    382854         2         7 ;       220  2.3939E-01 -4.7906E+00  1.9296E+01 -2.0837E-01  1.5064E+01 ,       230  5.5345E-01 -3.5290E+00  2.0595E+01 -3.7242E-01  1.5718E+01 ,
rx 14   6   6 10  3   2    382854         2         7         200             -4.5379E+00  1.5827E+01 -2.5413E-01
  In      2112  4.3335E+00  1.0000E+00
 Out      2112  4.3113E+00  1.0000E+00 ,   6000012  2.2209E-02  1.0000E+00
rx 14   6   6 10  3   2    382854         2         8         220             -4.7906E+00  1.9296E+01 -2.0837E-01
  In      2112  4.3113E+00  1.0000E+00
 Out      2112  4.0723E+00  1.0000E+00 ,   6000012  2.3939E-01  1.0000E+00
rx 14   1   0 10  3   2    382854         2         9         230             -3.5290E+00  2.0595E+01 -3.7242E-01
  In      2112  4.0723E+00  1.0000E+00
 Out      2112  3.5196E+00  1.0000E+00 ,      2212  5.5345E-01  1.0000E+00

ne          0         7    415897         3         2 ;       210  1.8095E+00  2.8822E+00  1.7818E+01 -4.8853E-01  7.3665E+00 ,       220  4.5118E+00  3.3651E+00  1.8981E+01  5.5702E-01  7.7905E+00 ,
rx 14   1   0 10  3   2    415897         3         2         210              2.8822E+00  1.7818E+01 -4.8853E-01
  In      2112  9.6972E+00  1.0000E+00
 Out      2112  7.8878E+00  1.0000E+00 ,      2212  1.8095E+00  1.0000E+00
rx 14   1   0 10  3   2    415897         3         3         220              3.3651E+00  1.8981E+01  5.5702E-01
  In      2112  7.8878E+00  1.0000E+00
 Out      2112  3.3704E+00  1.0000E+00 ,      2212  4.5118E+00  1.0000E+00

ge          0         7    424131         9         1 ;       200  1.1735E+00 -2.8796E+00  1.5599E+01 -4.4189E-01  3.5270E+00 ,       220  5.3652E-01 -3.1416E+00  1.9285E+01  2.4168E-03  3.6512E+00 ,       230  2.5080E+00 -3.1049E+00  1.9600E+01  4.2231E-03  3.6620E+00 ,
rx 14   0   0 13  0   2    424131         9         1         200             -2.8796E+00  1.5599E+01 -4.4189E-01
  In        22  5.2400E+00  1.0000E+00
 Out        22  4.0665E+00  1.0000E+00 ,        11  1.1735E+00  1.0000E+00
rx 13   0   0 13  0   2    424131         9         1         220             -3.1416E+00  1.9285E+01  2.4168E-03
  In        22  4.0665E+00  1.0000E+00
 Out        11  2.1333E+00  1.0000E+00 ,       -11  9.1122E-01  1.0000E+00

ne          0         7    427946         2         5 ;       200  5.6518E-01  4.8647E+00  1.5643E+01  4.0948E-01  1.2851E+01 ,       210  2.1870E-01  4.0211E+00  1.7522E+01 -2.3196E-01  1.4528E+01 ,
rx 14   1   0 10  3   2    427946         2         5         200              4.8647E+00  1.5643E+01  4.0948E-01
  In      2112  1.4300E+00  1.0000E+00
 Out      2112  8.6556E-01  1.0000E+00 ,      2212  5.6518E-01  1.0000E+00
rx 14   6   6 10  3   2    427946         2         6         210              4.0211E+00  1.7522E+01 -2.3196E-01
  In      2112  8.6556E-01  1.0000E+00
 Out      2112  7.9067E-01  1.0000E+00 ,   6000012  7.4925E-02  1.0000E+00
rx 14   1   0 10  3   2    427946         2         7         210              4.3288E+00  1.7840E+01 -5.7919E-01
  In      2112  7.9067E-01  1.0000E+00
 Out      2112  6.4710E-01  1.0000E+00 ,      2212  1.4377E-01  1.0000E+00

ne          0         7    430494         3         7 ;       210  1.1939E-01 -2.1291E+00  1.7905E+01  2.8968E-01  1.9357E+01 ,       220  4.1172E-01 -1.0146E+00  1.8315E+01  2.5270E-01  2.0561E+01 ,
rx 14   1   0 10  3   2    430494         3         7         210             -2.1291E+00  1.7905E+01  2.8968E-01
  In      2112  6.2884E-01  1.0000E+00
 Out      2112  5.0960E-01  1.0000E+00 ,      2212  1.1939E-01  1.0000E+00
rx 14   1   0 10  3   2    430494         3         8         220             -1.0146E+00  1.8315E+01  2.5270E-01
  In      2112  5.0960E-01  1.0000E+00
 Out      2112  9.8376E-02  1.0000E+00 ,      2212  4.1172E-01  1.0000E+00

ne          0         7    444465         3         4 ;       200  3.3520E+00  9.9365E-01  1.5949E+01 -5.9076E-01  8.9699E+00 ,       210  1.1894E-01  2.8112E-01  1.7580E+01 -1.1862E-01  1.0535E+01 ,       220  4.2952E-01  3.3826E-01  1.8508E+01  2.0330E-01  1.1369E+01 ,
rx 14   6   6 10  3   2    444465         3         4         200              9.9365E-01  1.5949E+01 -5.9076E-01
  In      2112  4.1983E+00  1.0000E+00
 Out      2112  3.7986E+00  1.0000E+00 ,   6000012  4.0015E-01  1.0000E+00
rx 14   6   6 10  3   2    444465         3         5         200              1.3966E+00  1.6121E+01 -4.9094E-01
  In      2112  3.7986E+00  1.0000E+00
 Out      2112  2.8250E+00  1.0000E+00 ,   6000012  9.7451E-01  1.0000E+00
rx 14   1   0 10  3   2    444465         3         6         200              7.1686E-01  1.6300E+01 -4.5601E-01
  In      2112  2.8250E+00  1.0000E+00
 Out      2112  8.4812E-01  1.0000E+00 ,      2212  1.9773E+00  1.0000E+00
rx 14   1   0 10  3   2    444465         3         7         210              2.8112E-01  1.7580E+01 -1.1862E-01
  In      2112  8.4812E-01  1.0000E+00
 Out      2112  7.2951E-01  1.0000E+00 ,      2212  1.1894E-01  1.0000E+00
rx 14   1   0 10  3   2    444465         3         8         220              3.3826E-01  1.8508E+01  2.0330E-01
  In      2112  7.2951E-01  1.0000E+00
 Out      2112  3.0034E-01  1.0000E+00 ,      2212  4.2952E-01  1.0000E+00

ne          0         7    631985         3         6 ;       200  2.6374E-01 -7.5602E-01  1.6227E+01 -5.9077E-01  9.3616E+00 ,       210  2.2634E+00  2.4734E-03  1.6855E+01  5.6192E-02  9.7919E+00 ,
rx 14   6   6 10  3   2    631985         3         6         200             -7.5602E-01  1.6227E+01 -5.9077E-01
  In      2112  4.2087E+00  1.0000E+00
 Out      2112  3.9453E+00  1.0000E+00 ,   6000012  2.6374E-01  1.0000E+00
rx 14   1   0 10  3   2    631985         3         7         210              2.4734E-03  1.6855E+01  5.6192E-02
  In      2112  3.9453E+00  1.0000E+00
 Out      2112  2.6645E+00  1.0000E+00 ,      2212  1.2814E+00  1.0000E+00
rx 14   1   0 10  3   2    631985         3         8         210              1.7987E-01  1.6995E+01  5.0649E-02
  In      2112  2.6645E+00  1.0000E+00
 Out      2112  1.6831E+00  1.0000E+00 ,      2212  9.8194E-01  1.0000E+00

ne          0         7    694322         2         2 ;       220  4.7226E+00 -4.0049E+00  1.9328E+01  4.1273E-01  9.7016E+00 ,       230  3.7258E-01 -5.1951E+00  1.9775E+01  3.9295E-01  1.0960E+01 ,
rx 14   1   0 10  3   2    694322         2         2         220             -4.0049E+00  1.9328E+01  4.1273E-01
  In      2112  5.2611E+00  1.0000E+00
 Out      2112  5.5676E-01  1.0000E+00 ,      2212  4.6994E+00  1.0000E+00
rx 14   1   0 10  3   2    694322         2         3         220             -4.1484E+00  1.9370E+01  3.8559E-01
  In      2112  5.5676E-01  1.0000E+00
 Out      2112  5.3357E-01  1.0000E+00 ,      2212  2.3214E-02  1.0000E+00
rx 14   1   0 10  3   2    694322         2         4         230             -5.1951E+00  1.9775E+01  3.9295E-01
  In      2112  5.3357E-01  1.0000E+00
 Out      2112  1.6148E-01  1.0000E+00 ,      2212  3.7258E-01  1.0000E+00

ne          0         7    724591         2         2 ;       210  1.7473E+00 -7.0020E-01  1.7159E+01  8.4132E-02  1.0731E+01 ,       230  1.5808E+00  3.4849E+00  2.0687E+01  1.8565E-01  8.3688E+00 ,
rx 14   6   6 10  0   3    724591         2         2         230              3.4849E+00  2.0687E+01  1.8565E-01
  In      2112  8.8201E+00  1.0000E+00
 Out      2112  2.8216E+00  1.0000E+00 ,   6000012  1.5808E+00  1.0000E+00 ,        22  4.4136E+00  1.0000E+00
rx 14   6   6 10  3   2    724591         2         3         210             -7.0020E-01  1.7159E+01  8.4132E-02
  In      2112  2.8216E+00  1.0000E+00
 Out      2112  2.1586E+00  1.0000E+00 ,   6000012  6.6356E-01  1.0000E+00
rx 14   1   0 10  3   2    724591         2         4         210             -6.7102E-02  1.7117E+01  5.5620E-01
  In      2112  2.1586E+00  1.0000E+00
 Out      2112  1.0759E+00  1.0000E+00 ,      2212  1.0837E+00  1.0000E+00

ne          0         7    928609         3         3 ;       230  2.7750E-01  9.4264E-02  1.9609E+01  6.0673E-02  1.1195E+01 ,       240  9.2275E-01  6.1436E-01  2.1168E+01 -3.6463E-01  1.1876E+01 ,
rx 14   6   6 10  3   2    928609         3         3         230              9.4264E-02  1.9609E+01  6.0673E-02
  In      2112  3.5417E+00  1.0000E+00
 Out      2112  3.2645E+00  1.0000E+00 ,   6000012  2.7750E-01  1.0000E+00
rx 14   6   6 10  3   2    928609         3         4         240              6.1436E-01  2.1168E+01 -3.6463E-01
  In      2112  3.2645E+00  1.0000E+00
 Out      2112  2.3425E+00  1.0000E+00 ,   6000012  9.2275E-01  1.0000E+00

ne          0         7    974534         7         6 ;       220  7.5084E+00  2.7206E+00  1.9148E+01 -6.0000E-01  4.9576E+00 ,       230  1.6156E+01  2.6689E+00  1.9600E+01 -4.3185E-01  5.0411E+00 ,

ne          0         8     12412         5         3 ;       210  4.9723E+00 -3.1501E+00  1.6864E+01 -4.0064E-02  7.7028E+00 ,       240  1.3270E+00  2.8560E-01  2.1122E+01 -1.8734E-01  1.0291E+01 ,
rx 14   1   0 10  3   2     12412         5         3         210             -3.1501E+00  1.6864E+01 -4.0064E-02
  In      2112  7.3236E+00  1.0000E+00
 Out      2112  2.3455E+00  1.0000E+00 ,      2212  4.9723E+00  1.0000E+00
rx 14   1   0 10  3   2     12412         5         4         240              2.8560E-01  2.1122E+01 -1.8734E-01
  In      2112  2.3455E+00  1.0000E+00
 Out      2112  1.0194E+00  1.0000E+00 ,      2212  1.3270E+00  1.0000E+00

ne          0         8     85895         2         3 ;       200  1.5556E-01 -4.2430E+00  1.5414E+01 -7.0868E-02  9.6207E+00 ,       220  1.1584E-01 -4.1216E+00  1.9297E+01  1.2908E-01  1.1209E+01 ,
rx 14   6   6 10  3   2     85895         2         3         200             -4.2430E+00  1.5414E+01 -7.0868E-02
  In      2112  3.3087E+00  1.0000E+00
 Out      2112  3.1533E+00  1.0000E+00 ,   6000012  1.5556E-01  1.0000E+00
rx 14   6   6 10  3   2     85895         2         4         220             -4.1216E+00  1.9297E+01  1.2908E-01
  In      2112  3.1533E+00  1.0000E+00
 Out      2112  3.0376E+00  1.0000E+00 ,   6000012  1.1584E-01  1.0000E+00

ge          0         8    129503        16         1 ;       200  1.4497E+00 -2.8273E+00  1.5818E+01 -4.0791E-01  6.0815E+00 ,       210  3.8883E+00 -2.6276E+00  1.6800E+01 -3.9976E-01  6.1153E+00 ,       220  1.0868E+00 -1.8500E+00  1.8200E+01  2.1404E-01  6.1779E+00 ,
rx 14   0   0 13  0   3    129503        16         1         200             -2.8273E+00  1.5818E+01 -4.0791E-01
  In        22  6.8076E+00  1.0000E+00
 Out        22  2.5212E-01  1.0000E+00 ,        11  6.5536E+00  1.0000E+00 ,        11  1.8390E-03  1.0000E+00

ne          0         8    162820         2         5 ;       200  1.6990E-01 -3.2754E+00  1.5817E+01  3.3737E-01  1.1143E+01 ,       210  1.6501E-01 -3.3926E+00  1.6837E+01  4.3430E-01  1.1883E+01 ,
rx 14   1   0 10  3   2    162820         2         5         200             -3.2754E+00  1.5817E+01  3.3737E-01
  In      2112  1.1889E+00  1.0000E+00
 Out      2112  1.0191E+00  1.0000E+00 ,      2212  1.6990E-01  1.0000E+00
rx 14   6   6 10  3   2    162820         2         6         210             -3.3926E+00  1.6837E+01  4.3430E-01
  In      2112  1.0191E+00  1.0000E+00
 Out      2112  8.5418E-01  1.0000E+00 ,   6000012  1.6501E-01  1.0000E+00

ge          0         8    180351         4         1 ;       220  7.1563E-01 -4.8873E+00  1.8993E+01  4.1280E-02  3.4775E+00 ,       230  2.4668E+00 -4.9820E+00  1.9600E+01  2.2401E-01  3.4990E+00 ,       240  1.3454E+00 -4.7285E+00  2.1000E+01  3.2750E-01  3.5508E+00 ,
rx 14   0   0 13  0   2    180351         4         1         220             -4.8873E+00  1.8993E+01  4.1280E-02
  In        22  6.9127E+00  1.0000E+00
 Out        22  1.2352E+00  1.0000E+00 ,        11  5.6775E+00  1.0000E+00

ne          0         8    340590         4         5 ;       210  7.4932E-01  6.2726E+00  1.7193E+01 -3.0963E-01  1.1869E+01 ,       220  7.0505E-01  6.5332E+00  1.8418E+01 -4.4368E-01  1.2632E+01 ,
rx 14   1   0 10  3   2    340590         4         5         210              6.2726E+00  1.7193E+01 -3.0963E-01
  In      2112  2.1744E+00  1.0000E+00
 Out      2112  1.4260E+00  1.0000E+00 ,      2212  7.4932E-01  1.0000E+00
rx 14   1   0 10  3   2    340590         4         6         220              6.5332E+00  1.8418E+01 -4.4368E-01
  In      2112  1.4260E+00  1.0000E+00
 Out      2112  7.2145E-01  1.0000E+00 ,      2212  7.0505E-01  1.0000E+00

ne          0         8    393344         3         4 ;       200  6.6844E-01  4.4472E+00  1.6424E+01 -1.3281E-02  9.8381E+00 ,       210  5.4154E+00  5.6191E+00  1.7149E+01  5.3409E-01  8.0089E+00 ,       220  9.4759E-01  5.1866E+00  1.8860E+01  2.5164E-01  8.6945E+00 ,
rx 14   1   0 10  3   2    393344         3         4         210              5.6191E+00  1.7149E+01  5.3409E-01
  In      2112  8.9991E+00  1.0000E+00
 Out      2112  3.5758E+00  1.0000E+00 ,      2212  5.4154E+00  1.0000E+00
rx 14   6   6 10  3   2    393344         3         5         220              5.1866E+00  1.8860E+01  2.5164E-01
  In      2112  3.5758E+00  1.0000E+00
 Out      2112  2.6290E+00  1.0000E+00 ,   6000012  9.4759E-01  1.0000E+00
rx 14   6   6 10  3   2    393344         3         6         200              4.4472E+00  1.6424E+01 -1.3281E-02
  In      2112  2.6290E+00  1.0000E+00
 Out      2112  1.9611E+00  1.0000E+00 ,   6000012  6.6844E-01  1.0000E+00

ne          0         8    394651         2         3 ;       210  3.9033E+00  2.7229E+00  1.7596E+01 -1.7284E-01  6.7325E+00 ,       220  3.8229E-01  2.5306E+00  1.8301E+01 -3.6142E-01  6.9115E+00 ,
rx 14   1   0 10  3   2    394651         2         3         210              2.7229E+00  1.7596E+01 -1.7284E-01
  In      2112  1.3351E+01  1.0000E+00
 Out      2112  9.4455E+00  1.0000E+00 ,      2212  3.9033E+00  1.0000E+00
rx 14   6   7 10  3   2    394651         2         4         220              2.5306E+00  1.8301E+01 -3.6142E-01
  In      2112  9.4455E+00  1.0000E+00
 Out      2112  9.0641E+00  1.0000E+00 ,   6000013  3.8229E-01  1.0000E+00

ne          0         8    495345         3         3 ;       220  1.3513E+00 -3.3449E+00  1.9203E+01  2.9306E-01  1.1335E+01 ,       230  1.3513E+00 -4.9583E+00  2.0615E+01  1.0986E-01  1.2505E+01 ,
rx 14   1   0 10  3   2    495345         3         3         220             -3.3449E+00  1.9203E+01  2.9306E-01
  In      2112  3.1250E+00  1.0000E+00
 Out      2112  1.7744E+00  1.0000E+00 ,      2212  1.3513E+00  1.0000E+00
rx 14   1   0 10  3   2    495345         3         4         230             -4.9583E+00  2.0615E+01  1.0986E-01
  In      2112  1.7744E+00  1.0000E+00
 Out      2112  6.0280E-01  1.0000E+00 ,      2212  1.1728E+00  1.0000E+00
rx 14   1   0 10  3   2    495345         3         5         230             -5.6701E+00  2.0449E+01 -1.0016E-01
  In      2112  6.0280E-01  1.0000E+00
 Out      2112  4.2461E-01  1.0000E+00 ,      2212  1.7850E-01  1.0000E+00

ne          0         8    538940         2         6 ;       220  1.0316E+00  6.8871E+00  1.8318E+01  4.7249E-01  1.0736E+01 ,       230  1.2952E+00  3.6366E+00  2.0191E+01  1.3292E-01  1.2581E+01 ,
rx 14   1   0 10  3   2    538940         2         6         220              6.8871E+00  1.8318E+01  4.7249E-01
  In      2112  3.2165E+00  1.0000E+00
 Out      2112  2.1857E+00  1.0000E+00 ,      2212  1.0316E+00  1.0000E+00
rx 14   1   0 10  3   2    538940         2         7         230              3.6366E+00  2.0191E+01  1.3292E-01
  In      2112  2.1857E+00  1.0000E+00
 Out      2112  8.9109E-01  1.0000E+00 ,      2212  1.2952E+00  1.0000E+00

ne          0         8    604654         3         3 ;       200  6.2593E+00  2.3053E+00  1.5411E+01 -3.3771E-01  7.3764E+00 ,       210  1.4065E-01 -1.6830E+00  1.7548E+01 -1.7123E-01  1.1190E+01 ,
rx 14   1   0 10  3   2    604654         3         3         200              2.3053E+00  1.5411E+01 -3.3771E-01
  In      2112  7.0092E+00  1.0000E+00
 Out      2112  7.3759E-01  1.0000E+00 ,      2212  6.2593E+00  1.0000E+00
rx 14   6   6 10  3   2    604654         3         4         210             -1.6830E+00  1.7548E+01 -1.7123E-01
  In      2112  7.3759E-01  1.0000E+00
 Out      2112  5.9700E-01  1.0000E+00 ,   6000012  1.4065E-01  1.0000E+00

ne          0         8    734448         2         3 ;       210  1.4244E+00 -2.7879E+00  1.7979E+01 -2.7639E-01  6.2309E+00 ,       220  1.2873E+01 -2.6823E+00  1.8200E+01 -6.5031E-02  6.2988E+00 ,
rx 14   1   0 10  3   2    734448         2         3         210             -2.7879E+00  1.7979E+01 -2.7639E-01
  In      2112  1.7919E+01  1.0000E+00
 Out      2112  4.3700E+00  1.0000E+00 ,      2212  1.3472E+01  1.0000E+00
rx 14   6   6 10  3   2    734448         2         4         220             -3.8715E+00  1.8658E+01 -4.4868E-01
  In      2112  4.3700E+00  1.0000E+00
 Out      2112  3.5454E+00  1.0000E+00 ,   6000012  8.2560E-01  1.0000E+00

ne          0         8    872046         5         2 ;       230  4.3083E+00 -1.2043E+00  2.0734E+01 -1.0210E-01  1.0633E+01 ,       240  1.4143E-01 -1.5931E+00  2.1007E+01 -2.7792E-01  1.1320E+01 ,
rx 14   1   0 10  3   2    872046         5         2         230             -1.2043E+00  2.0734E+01 -1.0210E-01
  In      2112  4.5945E+00  1.0000E+00
 Out      2112  3.1272E-01  1.0000E+00 ,      2212  4.2778E+00  1.0000E+00
rx 14   1   0 10  3   2    872046         5         3         230             -1.3323E+00  2.0790E+01 -1.3528E-01
  In      2112  3.1272E-01  1.0000E+00
 Out      2112  2.8221E-01  1.0000E+00 ,      2212  3.0500E-02  1.0000E+00
rx 14   1   0 10  3   2    872046         5         4         240             -1.5931E+00  2.1007E+01 -2.7792E-01
  In      2112  2.8221E-01  1.0000E+00
 Out      2112  1.4115E-01  1.0000E+00 ,      2212  1.4143E-01  1.0000E+00

ne          0         8    889166         2         2 ;       200  2.9651E-01 -2.5252E+00  1.6099E+01 -2.1257E-01  1.9872E+01 ,       210  2.1601E-01 -4.6242E+00  1.6810E+01  4.9377E-02  2.2527E+01 ,       220  2.3457E-01 -1.2163E+00  1.8396E+01 -3.7127E-01  1.7502E+01 ,
rx 14   6   6 10  3   2    889166         2         2         220             -1.2163E+00  1.8396E+01 -3.7127E-01
  In      2112  8.8805E-01  1.0000E+00
 Out      2112  6.5359E-01  1.0000E+00 ,   6000012  2.3457E-01  1.0000E+00
rx 14   6   6 10  3   2    889166         2         3         200             -2.5252E+00  1.6099E+01 -2.1257E-01
  In      2112  6.5359E-01  1.0000E+00
 Out      2112  5.9671E-01  1.0000E+00 ,   6000012  5.6904E-02  1.0000E+00
rx 14   1   0 10  3   2    889166         2         4         200             -3.1365E+00  1.6099E+01 -3.8217E-01
  In      2112  5.9671E-01  1.0000E+00
 Out      2112  3.5757E-01  1.0000E+00 ,      2212  2.3961E-01  1.0000E+00
rx 14   6   6 10  3   2    889166         2         5         210             -4.6242E+00  1.6810E+01  4.9377E-02
  In      2112  3.5757E-01  1.0000E+00
 Out      2112  3.3926E-01  1.0000E+00 ,   6000012  1.8316E-02  1.0000E+00
rx 14   1   0 10  3   2    889166         2         6         210             -4.9756E+00  1.6838E+01 -1.3142E-01
  In      2112  3.3926E-01  1.0000E+00
 Out      2112  3.1099E-01  1.0000E+00 ,      2212  2.8278E-02  1.0000E+00
rx 14   1   0 10  3   2    889166         2         7         210             -5.3096E+00  1.6837E+01 -4.4851E-01
  In      2112  3.1099E-01  1.0000E+00
 Out      2112  1.4198E-01  1.0000E+00 ,      2212  1.6942E-01  1.0000E+00

ne          0         9     20142         3         2 ;       210  1.6915E-01  2.8701E+00  1.7454E+01 -5.5787E-01  6.6067E+00 ,       230  1.1260E+01  4.5359E+00  2.0446E+01  2.9172E-01  7.3099E+00 ,
rx 14   6   6 10  3   2     20142         3         2         210              2.8701E+00  1.7454E+01 -5.5787E-01
  In      2112  1.3607E+01  1.0000E+00
 Out      2112  1.3439E+01  1.0000E+00 ,   6000012  1.6915E-01  1.0000E+00
rx 14   1   0 10  3   2     20142         3         3         230              4.5359E+00  2.0446E+01  2.9172E-01
  In      2112  1.3439E+01  1.0000E+00
 Out      2112  2.1268E+00  1.0000E+00 ,      2212  1.1260E+01  1.0000E+00

ne          0         9    116360         3         4 ;       200  2.7138E+00  1.3844E+00  1.5783E+01 -1.9859E-01  6.1032E+00 ,       220  1.4654E-01 -1.5953E+00  1.8572E+01 -4.9574E-01  7.7992E+00 ,
rx 14   1   0 10  3   2    116360         3         4         200              1.3844E+00  1.5783E+01 -1.9859E-01
  In      2112  5.7700E+00  1.0000E+00
 Out      2112  4.1040E+00  1.0000E+00 ,      2212  1.6671E+00  1.0000E+00
rx 14   1   0 10  3   2    116360         3         5         200              1.3618E+00  1.5854E+01 -1.9535E-01
  In      2112  4.1040E+00  1.0000E+00
 Out      2112  3.0579E+00  1.0000E+00 ,      2212  1.0467E+00  1.0000E+00
rx 14   6   6 10  3   2    116360         3         6         220             -1.5953E+00  1.8572E+01 -4.9574E-01
  In      2112  3.0579E+00  1.0000E+00
 Out      2112  2.9115E+00  1.0000E+00 ,   6000012  1.4654E-01  1.0000E+00

ne          0         9    210673         3         2 ;       220  3.2692E+00  2.3379E+00  1.9303E+01 -2.5180E-01  5.7719E+00 ,       240  1.6816E-01 -4.1078E+00  2.1505E+01  2.5893E-01  6.8188E+00 ,
rx 14   6   6  3  0   2    210673         3         2         220              2.3379E+00  1.9303E+01 -2.5180E-01
  In      2112  2.6344E+01  1.0000E+00
 Out      2112  2.3074E+01  1.0000E+00 ,   6000012  3.2692E+00  1.0000E+00
rx 14   6   6  3  0   2    210673         3         3         240             -4.1078E+00  2.1505E+01  2.5893E-01
  In      2112  2.3074E+01  1.0000E+00
 Out      2112  2.2906E+01  1.0000E+00 ,   6000012  1.6816E-01  1.0000E+00

ne          0         9    368818         3         4 ;       210  2.0052E-01 -3.9708E-01  1.7975E+01 -8.1602E-02  1.5216E+01 ,       230  2.8145E-01 -3.0583E-02  1.9698E+01  4.5910E-02  1.7689E+01 ,
rx 14   1   0 10  3   2    368818         3         4         210             -3.9708E-01  1.7975E+01 -8.1602E-02
  In      2112  5.4056E-01  1.0000E+00
 Out      2112  3.4033E-01  1.0000E+00 ,      2212  2.0052E-01  1.0000E+00
rx 14   6   6 10  3   2    368818         3         5         220             -6.5629E-01  1.8431E+01 -4.3709E-02
  In      2112  3.4033E-01  1.0000E+00
 Out      2112  3.1614E-01  1.0000E+00 ,   6000012  2.4195E-02  1.0000E+00
rx 14   1   0 10  3   2    368818         3         6         230             -3.0583E-02  1.9698E+01  4.5910E-02
  In      2112  3.1614E-01  1.0000E+00
 Out      2112  8.3222E-02  1.0000E+00 ,      2212  2.3305E-01  1.0000E+00
rx 14   6   6 10  3   2    368818         3         7         230             -2.5542E-01  2.0097E+01 -1.0763E-01
  In      2112  8.3222E-02  1.0000E+00
 Out      2112  6.6882E-02  1.0000E+00 ,   6000012  1.6345E-02  1.0000E+00
rx 14   1   0 10  3   2    368818         3         8         230             -5.5557E-01  1.9819E+01  4.5198E-03
  In      2112  6.6882E-02  1.0000E+00
 Out      2112  3.4850E-02  1.0000E+00 ,      2212  3.2055E-02  1.0000E+00
rx 14   1   0 10  3   2    368818         3         9         220             -6.8692E-01  1.9356E+01 -1.3047E-01
  In      2112  3.4850E-02  1.0000E+00
 Out      2112  1.7150E-03  1.0000E+00 ,      2212  3.3166E-02  1.0000E+00
rx 14   1   0 10  3   2    368818         3        10         220              2.4217E-02  1.8823E+01  2.1848E-01
  In      2112  1.7150E-03  1.0000E+00
 Out      2112  2.4212E-04  1.0000E+00 ,      2212  1.4725E-03  1.0000E+00
rx 14   1   0 10  3   2    368818         3        11         220              2.2326E-01  1.8313E+01 -2.3312E-01
  In      2112  2.4212E-04  1.0000E+00
 Out      2112  1.3986E-04  1.0000E+00 ,      2212  1.0367E-04  1.0000E+00

ne          0         9    386777         2         5 ;       210  1.1612E+00  5.1618E+00  1.7053E+01 -3.6111E-01  9.8295E+00 ,       220  5.2964E+00  3.7951E+00  1.8449E+01 -9.3866E-02  1.0279E+01 ,       230  1.7471E+00  3.8812E+00  2.0754E+01  2.2968E-01  1.1041E+01 ,
rx 14   8   8 10  3   2    386777         2         5         210              5.1618E+00  1.7053E+01 -3.6111E-01
  In      2112  1.1391E+01  1.0000E+00
 Out      2112  1.0233E+01  1.0000E+00 ,   8000016  1.1612E+00  1.0000E+00
rx 14   1   0 10  3   2    386777         2         6         220              3.7951E+00  1.8449E+01 -9.3866E-02
  In      2112  1.0233E+01  1.0000E+00
 Out      2112  4.9285E+00  1.0000E+00 ,      2212  5.2964E+00  1.0000E+00
rx 14   1   0 10  3   2    386777         2         7         230              3.8812E+00  2.0754E+01  2.2968E-01
  In      2112  4.9285E+00  1.0000E+00
 Out      2112  3.1822E+00  1.0000E+00 ,      2212  1.7471E+00  1.0000E+00

ne          0         9    410700         3         4 ;       200  5.3531E-01  2.8324E+00  1.6582E+01 -1.5778E-01  6.7096E+00 ,       220  2.2573E+00  1.3151E+00  1.8328E+01 -1.1574E-01  7.1923E+00 ,
rx 14   6   6 10  3   2    410700         3         4         200              2.8324E+00  1.6582E+01 -1.5778E-01
  In      2112  1.2777E+01  1.0000E+00
 Out      2112  1.2244E+01  1.0000E+00 ,   6000012  5.3531E-01  1.0000E+00
rx 14   6   6 10  0   3    410700         3         5         220              1.3151E+00  1.8328E+01 -1.1574E-01
  In      2112  1.2244E+01  1.0000E+00
 Out      2112  5.6300E+00  1.0000E+00 ,   6000012  2.2573E+00  1.0000E+00 ,        22  4.3399E+00  1.0000E+00

ne          0         9    466818         2         5 ;       200  2.0048E+00 -6.5350E-01  1.6582E+01  2.6316E-01  8.4637E+00 ,       210  7.2797E-01 -2.8156E+00  1.7281E+01 -3.3588E-01  1.0408E+01 ,
rx 14   1   0 10  3   2    466818         2         5         200             -6.5350E-01  1.6582E+01  2.6316E-01
  In      2112  2.7686E+00  1.0000E+00
 Out      2112  7.6443E-01  1.0000E+00 ,      2212  2.0048E+00  1.0000E+00
rx 14   1   0 10  3   2    466818         2         6         210             -2.8156E+00  1.7281E+01 -3.3588E-01
  In      2112  7.6443E-01  1.0000E+00
 Out      2112  7.7529E-02  1.0000E+00 ,      2212  6.8769E-01  1.0000E+00
rx 14   1   0 10  3   2    466818         2         7         210             -2.8793E+00  1.7232E+01 -2.8260E-01
  In      2112  7.7529E-02  1.0000E+00
 Out      2112  3.7368E-02  1.0000E+00 ,      2212  4.0280E-02  1.0000E+00

ne          0         9    627856         2         7 ;       200  1.0579E+00  4.3205E+00  1.6193E+01  4.3742E-01  1.4198E+01 ,       210  7.1643E-01  3.9629E+00  1.7210E+01 -2.4142E-02  1.4970E+01 ,
rx 14   1   0 10  3   2    627856         2         7         200              4.3205E+00  1.6193E+01  4.3742E-01
  In      2112  2.2633E+00  1.0000E+00
 Out      2112  1.2065E+00  1.0000E+00 ,      2212  1.0579E+00  1.0000E+00
rx 14   6   6 10  3   2    627856         2         8         210              3.9629E+00  1.7210E+01 -2.4142E-02
  In      2112  1.2065E+00  1.0000E+00
 Out      2112  1.0396E+00  1.0000E+00 ,   6000012  1.6696E-01  1.0000E+00
rx 14   1   0 10  3   2    627856         2         9         210              5.2274E+00  1.7991E+01  2.6807E-01
  In      2112  1.0396E+00  1.0000E+00
 Out      2112  4.9061E-01  1.0000E+00 ,      2212  5.4947E-01  1.0000E+00

ne          0         9    629640         2         3 ;       210  9.1254E-01  4.1934E+00  1.7618E+01 -7.8153E-02  7.6311E+00 ,       220  2.0996E+00  4.4498E+00  1.8299E+01 -4.1459E-01  7.1804E+00 ,
rx 14   6   6 10  0   4    629640         2         3         220              4.4498E+00  1.8299E+01 -4.1459E-01
  In      2112  1.5244E+01  1.0000E+00
 Out      2112  1.6569E+00  1.0000E+00 ,   6000012  2.0996E+00  1.0000E+00 ,        22  5.3585E+00  1.0000E+00 ,        22  6.1283E+00  1.0000E+00
rx 14   6   6 10  3   2    629640         2         4         210              4.1934E+00  1.7618E+01 -7.8153E-02
  In      2112  1.6569E+00  1.0000E+00
 Out      2112  1.6214E+00  1.0000E+00 ,   6000012  3.5548E-02  1.0000E+00
rx 14   1   0 10  3   2    629640         2         5         210              4.2341E+00  1.7340E+01 -9.2268E-03
  In      2112  1.6214E+00  1.0000E+00
 Out      2112  7.4528E-01  1.0000E+00 ,      2212  8.7699E-01  1.0000E+00

ge          0         9    734953         4         1 ;       210  1.0843E-01  2.8157E+00  1.7941E+01  9.1245E-02  4.1776E+00 ,       220  2.5465E+00  2.7446E+00  1.8200E+01  6.1367E-03  4.1871E+00 ,       230  1.0167E+00  2.5516E+00  1.9600E+01 -8.7064E-02  4.2401E+00 ,
rx 14   0   0 13  0   2    734953         4         1         210              2.8157E+00  1.7941E+01  9.1245E-02
  In        22  8.9145E+00  1.0000E+00
 Out        22  5.2428E+00  1.0000E+00 ,        11  3.6716E+00  1.0000E+00

ne          0         9    845818         6         3 ;       220  8.2626E+00  6.0112E+00  1.8943E+01  4.2675E-01  5.5838E+00 ,       240  9.0327E-01  6.6837E+00  2.1092E+01  3.6329E-01  6.0109E+00 ,
rx 14   6   6  4  0   4    845818         6         3         220              6.0112E+00  1.8943E+01  4.2675E-01
  In      2112  3.0423E+01  1.0000E+00
 Out      2112  1.4894E+01  1.0000E+00 ,   2000004  3.5727E+00  1.0000E+00 ,   2000004  3.4300E+00  1.0000E+00 ,   2000004  1.2598E+00  1.0000E+00
rx 14   1   0 10  3   2    845818         6         4         240              6.6837E+00  2.1092E+01  3.6329E-01
  In      2112  1.4894E+01  1.0000E+00
 Out      2112  1.3991E+01  1.0000E+00 ,      2212  9.0327E-01  1.0000E+00

ne          0         9    888452         2         3 ;       200  1.5029E-01  3.2520E+00  1.5731E+01 -4.1171E-01  6.9957E+00 ,       230  3.6415E-01  1.2675E+00  2.0774E+01  1.8877E-01  9.5862E+00 ,
rx 14   6   6 10  3   2    888452         2         3         200              3.2520E+00  1.5731E+01 -4.1171E-01
  In      2112  2.4740E+00  1.0000E+00
 Out      2112  2.3238E+00  1.0000E+00 ,   6000012  1.5029E-01  1.0000E+00
rx 14   1   0 10  3   2    888452         2         4         230              1.2675E+00  2.0774E+01  1.8877E-01
  In      2112  2.3238E+00  1.0000E+00
 Out      2112  1.9602E+00  1.0000E+00 ,      2212  3.6415E-01  1.0000E+00

ge          0         9    935308         2         8 ;       210  3.3404E-01  4.0857E+00  1.7849E+01 -4.4839E-01  4.7155E+00 ,       220  4.2277E+00 -6.6820E+00  1.9315E+01 -6.0931E-02  2.0125E+01 ,       230  4.7838E-01 -6.7607E+00  1.9740E+01 -1.3130E-01  2.0563E+01 ,
ne          0         9    935308         2         8 ;       220  1.3672E-01 -6.6820E+00  1.9315E+01 -6.0931E-02  2.0125E+01 ,       230  1.4745E-01 -6.7607E+00  1.9740E+01 -1.3130E-01  2.0563E+01 ,
rx 14   1   0 10  3   2    935308         2         8         220             -6.6820E+00  1.9315E+01 -6.0931E-02
  In      2112  6.5967E-01  1.0000E+00
 Out      2112  5.2320E-01  1.0000E+00 ,      2212  1.3672E-01  1.0000E+00
rx 14   1   0 10  3   2    935308         2         9         230             -6.7607E+00  1.9740E+01 -1.3130E-01
  In      2112  5.2320E-01  1.0000E+00
 Out      2112  3.7596E-01  1.0000E+00 ,      2212  1.4745E-01  1.0000E+00
rx 14   0   0 13  0   3    935308        10         1         210              4.0857E+00  1.7849E+01 -4.4839E-01
  In        22  6.1204E+00  1.0000E+00
 Out        22  1.0802E+00  1.0000E+00 ,        11  5.0396E+00  1.0000E+00 ,        11  5.4310E-04  1.0000E+00

ne          0         9    964939         3         2 ;       220  7.9460E-01  3.6116E+00  1.9142E+01 -1.7206E-01  8.6588E+00 ,       230  1.1414E+00  3.3625E+00  2.0045E+01  5.7870E-02  7.9091E+00 ,
rx 14   7   7 10  0   3    964939         3         2         230              3.3625E+00  2.0045E+01  5.7870E-02
  In      2112  1.0093E+01  1.0000E+00
 Out      2112  8.6568E-01  1.0000E+00 ,   7000014  1.1414E+00  1.0000E+00 ,        22  8.0856E+00  1.0000E+00
rx 14   6   6 10  3   2    964939         3         3         220              3.6116E+00  1.9142E+01 -1.7206E-01
  In      2112  8.6568E-01  1.0000E+00
 Out      2112  6.4973E-01  1.0000E+00 ,   6000012  2.1604E-01  1.0000E+00
rx 14   1   0 10  3   2    964939         3         4         220              3.5487E+00  1.9300E+01  1.0981E-01
  In      2112  6.4973E-01  1.0000E+00
 Out      2112  7.1733E-02  1.0000E+00 ,      2212  5.7856E-01  1.0000E+00

ne          0        10    599399         3         5 ;       210  3.4687E-01 -4.9749E-01  1.7003E+01  2.7597E-01  1.1492E+01 ,       230  3.3742E-01 -2.3074E+00  2.0049E+01 -1.3012E-01  1.3286E+01 ,
rx 14   1   0 10  3   2    599399         3         5         210             -4.9749E-01  1.7003E+01  2.7597E-01
  In      2112  2.4177E+00  1.0000E+00
 Out      2112  2.0712E+00  1.0000E+00 ,      2212  3.4687E-01  1.0000E+00
rx 14   6   6 10  3   2    599399         3         6         230             -2.3074E+00  2.0049E+01 -1.3012E-01
  In      2112  2.0712E+00  1.0000E+00
 Out      2112  1.7340E+00  1.0000E+00 ,   6000012  3.3742E-01  1.0000E+00

ne          0        10    724010         2         4 ;       210  5.0852E+00 -3.8395E-01  1.7932E+01 -1.5661E-01  6.1722E+00 ,       220  7.0386E+00 -5.6589E-01  1.8200E+01 -6.3387E-02  6.2629E+00 ,
rx 14   1   0 10  3   2    724010         2         4         210             -3.8395E-01  1.7932E+01 -1.5661E-01
  In      2112  1.7417E+01  1.0000E+00
 Out      2112  5.5074E+00  1.0000E+00 ,      2212  1.1851E+01  1.0000E+00
rx 14   6   6 10  0   3    724010         2         5         220              1.7262E+00  1.9195E+01  3.1888E-01
  In      2112  5.5074E+00  1.0000E+00
 Out      2112  7.7092E-01  1.0000E+00 ,   6000012  2.7259E-01  1.0000E+00 ,        22  4.4637E+00  1.0000E+00

ne          0        10    729196         2         4 ;       210  6.2691E-01 -5.9771E+00  1.7001E+01  2.5582E-01  1.2661E+01 ,       220  1.5374E+00 -4.4697E+00  1.8290E+01  2.3811E-01  1.1329E+01 ,
rx 14  14  14 10  3   2    729196         2         4         220             -4.4697E+00  1.8290E+01  2.3811E-01
  In      2112  2.6828E+00  1.0000E+00
 Out      2112  2.6365E+00  1.0000E+00 ,  14000028  4.6380E-02  1.0000E+00
rx 14   1   0 10  3   2    729196         2         5         220             -4.7508E+00  1.8293E+01  2.9987E-01
  In      2112  2.6365E+00  1.0000E+00
 Out      2112  1.1466E+00  1.0000E+00 ,      2212  1.4910E+00  1.0000E+00
rx 14   1   0 10  3   2    729196         2         6         210             -5.9771E+00  1.7001E+01  2.5582E-01
  In      2112  1.1466E+00  1.0000E+00
 Out      2112  5.2044E-01  1.0000E+00 ,      2212  6.2691E-01  1.0000E+00

ne          0        10    779198         3         2 ;       210  8.4073E-01  2.0471E+00  1.7344E+01 -1.6558E-01  4.5531E+00 ,       220  1.5018E+01  1.9273E+00  1.8273E+01  1.0896E-01  4.6489E+00 ,       230  2.8646E+01  1.7278E+00  1.9600E+01  2.8835E-01  4.7937E+00 ,       240  1.4379E+01  1.5172E+00  2.1000E+01  4.7764E-01  5.0019E+00 ,
rx 14   6   6  3  0   2    779198         3         2         210              2.0471E+00  1.7344E+01 -1.6558E-01
  In      2112  6.0322E+01  1.0000E+00
 Out      2112  5.9481E+01  1.0000E+00 ,   6000012  8.4073E-01  1.0000E+00
rx 14   1   0  3  0   2    779198         3         3         220              1.9273E+00  1.8273E+01  1.0896E-01
  In      2112  5.9481E+01  1.0000E+00
 Out      2212  5.8043E+01  1.0000E+00 ,      2112  1.4357E+00  1.0000E+00

ge          0        10    782880         4         1 ;       220  7.6706E-02  1.6594E+00  1.9367E+01  5.9967E-01  3.4093E+00 ,       230  2.6948E+00  4.1997E+00  1.9600E+01 -1.0406E-01  3.3311E+00 ,       240  1.9178E-01  4.9354E+00  2.1000E+01  5.4887E-01  3.3900E+00 ,
rx 14   0   0 13  0   2    782880         4         1         220              4.1464E+00  1.9359E+01 -2.2231E-01
  In        22  4.9302E+00  1.0000E+00
 Out        22  4.5691E-01  1.0000E+00 ,        11  4.4733E+00  1.0000E+00
rx 14   0   0 13  0   3    782880         4         1         220              1.6594E+00  1.9367E+01  5.9967E-01
  In        22  4.5691E-01  1.0000E+00
 Out        22  1.8847E-01  1.0000E+00 ,        11  2.6816E-01  1.0000E+00 ,        11  2.8470E-04  1.0000E+00

ne          0        10    795112         2         3 ;       200  1.4808E+00  5.7452E-02  1.6089E+01  5.0808E-01  8.2616E+00 ,       210  8.0954E-01 -1.3450E-02  1.7924E+01 -7.9969E-02  8.9431E+00 ,
rx 14   1   0 10  3   2    795112         2         3         200              5.7452E-02  1.6089E+01  5.0808E-01
  In      2112  5.6922E+00  1.0000E+00
 Out      2112  4.2122E+00  1.0000E+00 ,      2212  1.4808E+00  1.0000E+00
rx 14   6   6 10  3   2    795112         2         4         210             -1.3450E-02  1.7924E+01 -7.9969E-02
  In      2112  4.2122E+00  1.0000E+00
 Out      2112  3.4035E+00  1.0000E+00 ,   6000012  8.0954E-01  1.0000E+00
